This is e-upTeX, Version 3.141592653-p4.1.0-u1.29-230214-2.6 (utf8.sjis) (TeX Live 2023) (preloaded format=platex 2024.1.10)  7 MAR 2024 17:22
entering extended mode
 restricted \write18 enabled.
 %&-line parsing enabled.
**Achieve.tex
(./Achieve.tex
pLaTeX2e <2023-02-14>+1, based on
LaTeX2e <2023-11-01>
L3 programming layer <2024-01-04>
! Undefined control sequence.
l.1 \chapter
            *{研究業績}
The control sequence at the end of the top line
of your error message was never \def'ed. If you have
misspelled it (e.g., `\hobx'), type `I' and the correct
spelling (e.g., `I\hbox'). Otherwise just continue,
and I'll forget about whatever was undefined.


! LaTeX Error: Missing \begin{document}.

See the LaTeX manual or LaTeX Companion for explanation.
Type  H <return>  for immediate help.
 ...                                              
                                                  
l.1 \chapter*
             {研究業績}
You're in trouble here.  Try typing  <return>  to proceed.
If that doesn't work, type  X <return>  to quit.


Overfull \hbox (25.00002pt too wide) in paragraph at lines 1--2
[]\OT1/cmr/m/n/10 *
 []


Overfull \hbox (9.62216pt too wide) in paragraph at lines 1--2
\JY1/mc/m/n/10 研
 []


Overfull \hbox (9.62216pt too wide) in paragraph at lines 1--2
\JY1/mc/m/n/10 究
 []


Overfull \hbox (9.62216pt too wide) in paragraph at lines 1--2
\JY1/mc/m/n/10 業
 []


Overfull \hbox (9.62216pt too wide) in paragraph at lines 1--2
\JY1/mc/m/n/10 績 
 []

! Undefined control sequence.
l.6 \lhead
          [研究業績]{}
The control sequence at the end of the top line
of your error message was never \def'ed. If you have
misspelled it (e.g., `\hobx'), type `I' and the correct
spelling (e.g., `I\hbox'). Otherwise just continue,
and I'll forget about whatever was undefined.


! LaTeX Error: Missing \begin{document}.

See the LaTeX manual or LaTeX Companion for explanation.
Type  H <return>  for immediate help.
 ...                                              
                                                  
l.6 \lhead[
           研究業績]{}
You're in trouble here.  Try typing  <return>  to proceed.
If that doesn't work, type  X <return>  to quit.


Overfull \hbox (32.39995pt too wide) in paragraph at lines 6--9
[]\OT1/cmr/m/n/10 [\JY1/mc/m/n/10 研
 []


Overfull \hbox (9.62216pt too wide) in paragraph at lines 6--9
\JY1/mc/m/n/10 究
 []


Overfull \hbox (9.62216pt too wide) in paragraph at lines 6--9
\JY1/mc/m/n/10 業
 []


Overfull \hbox (12.39995pt too wide) in paragraph at lines 6--9
\JY1/mc/m/n/10 績\OT1/cmr/m/n/10 ]
 []


! LaTeX Error: The font size command \normalsize is not defined:
               there is probably something wrong with the class file.

See the LaTeX manual or LaTeX Companion for explanation.
Type  H <return>  for immediate help.
 ...                                              
                                                  
l.10 \newpage
             
Your command was ignored.
Type  I <command> <return>  to replace it with another command,
or  <return>  to continue without it.

[1
! Undefined control sequence.
<write> \newlabel{achive}{{}{\thepage 
                                      }{}{}{}}
l.10 \newpage
             
The control sequence at the end of the top line
of your error message was never \def'ed. If you have
misspelled it (e.g., `\hobx'), type `I' and the correct
spelling (e.g., `I\hbox'). Otherwise just continue,
and I'll forget about whatever was undefined.

\newlabel{achive}{{}{}{}{}{}}
]
! Undefined control sequence.
l.12 \section
             *{査読有り国内会議}
The control sequence at the end of the top line
of your error message was never \def'ed. If you have
misspelled it (e.g., `\hobx'), type `I' and the correct
spelling (e.g., `I\hbox'). Otherwise just continue,
and I'll forget about whatever was undefined.


! LaTeX Error: Missing \begin{document}.

See the LaTeX manual or LaTeX Companion for explanation.
Type  H <return>  for immediate help.
 ...                                              
                                                  
l.12 \section*
              {査読有り国内会議}
You're in trouble here.  Try typing  <return>  to proceed.
If that doesn't work, type  X <return>  to quit.


Overfull \hbox (25.00002pt too wide) in paragraph at lines 12--15
[]\OT1/cmr/m/n/10 *
 []


Overfull \hbox (9.62216pt too wide) in paragraph at lines 12--15
\JY1/mc/m/n/10 査
 []


Overfull \hbox (9.62216pt too wide) in paragraph at lines 12--15
\JY1/mc/m/n/10 読
 []


Overfull \hbox (9.62216pt too wide) in paragraph at lines 12--15
\JY1/mc/m/n/10 有
 []


Overfull \hbox (9.62216pt too wide) in paragraph at lines 12--15
\JY1/mc/m/n/10 り
 []


Overfull \hbox (9.62216pt too wide) in paragraph at lines 12--15
\JY1/mc/m/n/10 国
 []


Overfull \hbox (9.62216pt too wide) in paragraph at lines 12--15
\JY1/mc/m/n/10 内
 []


Overfull \hbox (9.62216pt too wide) in paragraph at lines 12--15
\JY1/mc/m/n/10 会
 []


Overfull \hbox (9.62216pt too wide) in paragraph at lines 12--15
\JY1/mc/m/n/10 議
 []

LaTeX Font Info:    Font shape `JT1/mc/bx/n' in size <10> not available
(Font)              Font shape `JT1/gt/m/n' tried instead on input line 16.
LaTeX Font Info:    Font shape `JY1/mc/bx/n' in size <10> not available
(Font)              Font shape `JY1/gt/m/n' tried instead on input line 16.

Overfull \hbox (9.62216pt too wide) in paragraph at lines 16--17
\JY1/gt/m/n/10 高
 []


Overfull \hbox (9.62216pt too wide) in paragraph at lines 16--17
\JY1/gt/m/n/10 矢
 []


Overfull \hbox (9.62216pt too wide) in paragraph at lines 16--17
\JY1/gt/m/n/10 空
 []


Overfull \hbox (2.77779pt too wide) in paragraph at lines 16--17
\OT1/cmr/m/n/10 ,
 []


Overfull \hbox (9.62216pt too wide) in paragraph at lines 16--17
\JY1/mc/m/n/10 河
 []


Overfull \hbox (9.62216pt too wide) in paragraph at lines 16--17
\JY1/mc/m/n/10 野
 []


Overfull \hbox (12.39995pt too wide) in paragraph at lines 16--17
\JY1/mc/m/n/10 仁\OT1/cmr/m/n/10 ,
 []


Overfull \hbox (9.62216pt too wide) in paragraph at lines 16--17
\JY1/mc/m/n/10 須
 []


Overfull \hbox (9.62216pt too wide) in paragraph at lines 16--17
\JY1/mc/m/n/10 賀
 []


Overfull \hbox (9.62216pt too wide) in paragraph at lines 16--17
\JY1/mc/m/n/10 哉
 []


Overfull \hbox (12.39995pt too wide) in paragraph at lines 16--17
\JY1/mc/m/n/10 斗\OT1/cmr/m/n/10 ,
 []


Overfull \hbox (9.62216pt too wide) in paragraph at lines 16--17
\JY1/mc/m/n/10 鳥
 []


Overfull \hbox (9.62216pt too wide) in paragraph at lines 16--17
\JY1/mc/m/n/10 谷
 []


Overfull \hbox (9.62216pt too wide) in paragraph at lines 16--17
\JY1/mc/m/n/10 部
 []


Overfull \hbox (9.62216pt too wide) in paragraph at lines 16--17
\JY1/mc/m/n/10 悠
 []


Overfull \hbox (12.39995pt too wide) in paragraph at lines 16--17
\JY1/mc/m/n/10 希\OT1/cmr/m/n/10 ,
 []


Overfull \hbox (9.62216pt too wide) in paragraph at lines 16--17
\JY1/mc/m/n/10 池
 []


Overfull \hbox (9.62216pt too wide) in paragraph at lines 16--17
\JY1/mc/m/n/10 勇
 []


Overfull \hbox (12.39995pt too wide) in paragraph at lines 16--17
\JY1/mc/m/n/10 勳\OT1/cmr/m/n/10 ,
 []


Overfull \hbox (9.62216pt too wide) in paragraph at lines 16--17
\JY1/mc/m/n/10 藤
 []


Overfull \hbox (9.62216pt too wide) in paragraph at lines 16--17
\JY1/mc/m/n/10 井
 []


Overfull \hbox (9.62216pt too wide) in paragraph at lines 16--17
\JY1/mc/m/n/10 浩
 []


Overfull \hbox (12.39995pt too wide) in paragraph at lines 16--17
\JY1/mc/m/n/10 光\OT1/cmr/m/n/10 ,
 []


Overfull \hbox (9.62216pt too wide) in paragraph at lines 16--17
\JY1/mc/m/n/10 鈴
 []


Overfull \hbox (9.62216pt too wide) in paragraph at lines 16--17
\JY1/mc/m/n/10 木
 []


Overfull \hbox (12.39995pt too wide) in paragraph at lines 16--17
\JY1/mc/m/n/10 剛\OT1/cmr/m/n/10 :
 []


Overfull \hbox (5.00002pt too wide) in paragraph at lines 16--17
\OT1/cmr/m/n/10 ``
 []


Overfull \hbox (9.62216pt too wide) in paragraph at lines 16--17
\JY1/mc/m/n/10 知
 []


Overfull \hbox (9.62216pt too wide) in paragraph at lines 16--17
\JY1/mc/m/n/10 識
 []


Overfull \hbox (9.62216pt too wide) in paragraph at lines 16--17
\JY1/mc/m/n/10 選
 []


Overfull \hbox (9.62216pt too wide) in paragraph at lines 16--17
\JY1/mc/m/n/10 択
 []


Overfull \hbox (9.62216pt too wide) in paragraph at lines 16--17
\JY1/mc/m/n/10 型
 []


Overfull \hbox (9.62216pt too wide) in paragraph at lines 16--17
\JY1/mc/m/n/10 転
 []


Overfull \hbox (9.62216pt too wide) in paragraph at lines 16--17
\JY1/mc/m/n/10 移
 []


Overfull \hbox (9.62216pt too wide) in paragraph at lines 16--17
\JY1/mc/m/n/10 強
 []


Overfull \hbox (9.62216pt too wide) in paragraph at lines 16--17
\JY1/mc/m/n/10 化
 []


Overfull \hbox (9.62216pt too wide) in paragraph at lines 16--17
\JY1/mc/m/n/10 学
 []


Overfull \hbox (9.62216pt too wide) in paragraph at lines 16--17
\JY1/mc/m/n/10 習
 []


Overfull \hbox (9.62216pt too wide) in paragraph at lines 16--17
\JY1/mc/m/n/10 を
 []


Overfull \hbox (9.62216pt too wide) in paragraph at lines 16--17
\JY1/mc/m/n/10 用
 []


Overfull \hbox (9.62216pt too wide) in paragraph at lines 16--17
\JY1/mc/m/n/10 い
 []


Overfull \hbox (9.62216pt too wide) in paragraph at lines 16--17
\JY1/mc/m/n/10 た
 []


Overfull \hbox (9.62216pt too wide) in paragraph at lines 16--17
\JY1/mc/m/n/10 移
 []


Overfull \hbox (9.62216pt too wide) in paragraph at lines 16--17
\JY1/mc/m/n/10 動
 []


Overfull \hbox (9.62216pt too wide) in paragraph at lines 16--17
\JY1/mc/m/n/10 ロ
 []


Overfull \hbox (9.62216pt too wide) in paragraph at lines 16--17
\JY1/mc/m/n/10 ボ
 []


Overfull \hbox (7.47433pt too wide) in paragraph at lines 16--17
\JY1/mc/m/n/10 ッ
 []


Overfull \hbox (9.62216pt too wide) in paragraph at lines 16--17
\JY1/mc/m/n/10 ト
 []


Overfull \hbox (9.62216pt too wide) in paragraph at lines 16--17
\JY1/mc/m/n/10 に
 []


Overfull \hbox (9.62216pt too wide) in paragraph at lines 16--17
\JY1/mc/m/n/10 よ
 []


Overfull \hbox (9.62216pt too wide) in paragraph at lines 16--17
\JY1/mc/m/n/10 る
 []


Overfull \hbox (9.62216pt too wide) in paragraph at lines 16--17
\JY1/mc/m/n/10 動
 []


Overfull \hbox (9.62216pt too wide) in paragraph at lines 16--17
\JY1/mc/m/n/10 的
 []


Overfull \hbox (9.62216pt too wide) in paragraph at lines 16--17
\JY1/mc/m/n/10 障
 []


Overfull \hbox (9.62216pt too wide) in paragraph at lines 16--17
\JY1/mc/m/n/10 害
 []


Overfull \hbox (9.62216pt too wide) in paragraph at lines 16--17
\JY1/mc/m/n/10 物
 []


Overfull \hbox (9.62216pt too wide) in paragraph at lines 16--17
\JY1/mc/m/n/10 回
 []


Overfull \hbox (37.40002pt too wide) in paragraph at lines 16--17
\JY1/mc/m/n/10 避\OT1/cmr/m/n/10 ,''2023
 []


Overfull \hbox (9.62216pt too wide) in paragraph at lines 16--17
\JY1/mc/m/n/10 年
 []


Overfull \hbox (9.62216pt too wide) in paragraph at lines 16--17
\JY1/mc/m/n/10 電
 []


Overfull \hbox (9.62216pt too wide) in paragraph at lines 16--17
\JY1/mc/m/n/10 気
 []


Overfull \hbox (9.62216pt too wide) in paragraph at lines 16--17
\JY1/mc/m/n/10 学
 []


Overfull \hbox (9.62216pt too wide) in paragraph at lines 16--17
\JY1/mc/m/n/10 会
 []


Overfull \hbox (9.62216pt too wide) in paragraph at lines 16--17
\JY1/mc/m/n/10 電
 []


Overfull \hbox (13.15881pt too wide) in paragraph at lines 16--17
\JY1/mc/m/n/10 子 ・
 []


Overfull \hbox (9.62216pt too wide) in paragraph at lines 16--17
\JY1/mc/m/n/10 情
 []


Overfull \hbox (13.15881pt too wide) in paragraph at lines 16--17
\JY1/mc/m/n/10 報 ・
 []


Overfull \hbox (9.62216pt too wide) in paragraph at lines 16--17
\JY1/mc/m/n/10 シ
 []


Overfull \hbox (9.62216pt too wide) in paragraph at lines 16--17
\JY1/mc/m/n/10 ス
 []


Overfull \hbox (9.62216pt too wide) in paragraph at lines 16--17
\JY1/mc/m/n/10 テ
 []


Overfull \hbox (9.62216pt too wide) in paragraph at lines 16--17
\JY1/mc/m/n/10 ム
 []


Overfull \hbox (9.62216pt too wide) in paragraph at lines 16--17
\JY1/mc/m/n/10 部
 []


Overfull \hbox (9.62216pt too wide) in paragraph at lines 16--17
\JY1/mc/m/n/10 門
 []


Overfull \hbox (9.62216pt too wide) in paragraph at lines 16--17
\JY1/mc/m/n/10 大
 []


Overfull \hbox (12.39995pt too wide) in paragraph at lines 16--17
\JY1/mc/m/n/10 会\OT1/cmr/m/n/10 ,
 []


Overfull \hbox (13.88893pt too wide) in paragraph at lines 16--17
\OT1/cmr/m/n/10 pp.
 []


Overfull \hbox (18.33337pt too wide) in paragraph at lines 16--17
\OT1/cmr/m/n/10 933-
 []


Overfull \hbox (18.5367pt too wide) in paragraph at lines 16--17
\OT1/cmr/m/n/10 936\JY1/mc/m/n/10 ，
 []


Overfull \hbox (9.62216pt too wide) in paragraph at lines 16--17
\JY1/mc/m/n/10 北
 []


Overfull \hbox (9.62216pt too wide) in paragraph at lines 16--17
\JY1/mc/m/n/10 海
 []


Overfull \hbox (12.65881pt too wide) in paragraph at lines 16--17
\JY1/mc/m/n/10 道 ，
 []


Overfull \hbox (22.77785pt too wide) in paragraph at lines 16--17
\OT1/cmr/m/n/10 2023. 
 []

)
! Emergency stop.
<*> Achieve.tex
               
*** (job aborted, no legal \end found)

 
Here is how much of TeX's memory you used:
 26 strings out of 474823
 467 string characters out of 5763802
 1919373 words of memory out of 5000000
 22438 multiletter control sequences out of 15000+600000
 562248 words of font info for 54 fonts, out of 8000000 for 9000
 929 hyphenation exceptions out of 8191
 22i,5n,23p,281b,151s stack positions out of 10000i,1000n,20000p,200000b,200000s
Output written on Achieve.dvi (1 page, 304 bytes).
