This is e-upTeX, Version 3.141592653-p4.1.0-u1.29-230214-2.6 (utf8.sjis) (TeX Live 2023) (preloaded format=platex 2024.1.10)  4 MAR 2024 15:11
entering extended mode
 restricted \write18 enabled.
 %&-line parsing enabled.
**main.tex
(./main.tex
pLaTeX2e <2023-02-14>+1, based on
LaTeX2e <2023-11-01>
L3 programming layer <2024-01-04>
(c:/texlive/2023/texmf-dist/tex/platex/jsclasses/jsbook.cls
Document Class: jsbook 2023/02/23 jsclasses (okumura, texjporg)
Class jsbook Info: Autodetected engine: pLaTeX on input line 241.
\jsc@mpt=\dimen156
\jsc@mmm=\dimen157
\jsc@smallskipamount=\skip48
LaTeX Info: Redefining \textmc on input line 516.
LaTeX Info: Redefining \textgt on input line 518.
\symmincho=\mathgroup4
LaTeX Font Info:    Overwriting symbol font `mincho' in version `bold'
(Font)                  JY1/mc/m/n --> JY1/gt/m/n on input line 580.
LaTeX Font Info:    Font shape `JT1/mc/m/n' will be
(Font)              scaled to size 9.60999pt on input line 774.
LaTeX Font Info:    Font shape `JY1/mc/m/n' will be
(Font)              scaled to size 9.60999pt on input line 774.
\fullwidth=\dimen158
LaTeX Font Info:    Font shape `JT1/mc/m/n' will be
(Font)              scaled to size 7.68799pt on input line 935.
LaTeX Font Info:    Font shape `JY1/mc/m/n' will be
(Font)              scaled to size 7.68799pt on input line 935.
\c@part=\count186
\c@chapter=\count187
\c@section=\count188
\c@subsection=\count189
\c@subsubsection=\count190
\c@paragraph=\count191
\c@subparagraph=\count192
\c@figure=\count193
\c@table=\count194
\abovecaptionskip=\skip49
\belowcaptionskip=\skip50
\jsc@tocl@width=\dimen159
\@lnumwidth=\dimen160
\bibindent=\dimen161
(c:/texlive/2023/texmf-dist/tex/platex/jsclasses/jslogo.sty
Package: jslogo 2019/07/25 okumura, texjporg
LaTeX Info: Redefining \TeX on input line 82.
LaTeX Info: Redefining \LaTeX on input line 135.
LaTeX Info: Redefining \LaTeXe on input line 188.
)
\heisei=\count195
) (./pethesis.sty
pethesis.sty - Sat, Jan 23 2010 by Takashi Michikawa
(c:/texlive/2023/texmf-dist/tex/latex/fancyhdr/fancyhdr.sty
Package: fancyhdr 2022/11/09 v4.1 Extensive control of page headers and footers

\f@nch@headwidth=\skip51
\f@nch@O@elh=\skip52
\f@nch@O@erh=\skip53
\f@nch@O@olh=\skip54
\f@nch@O@orh=\skip55
\f@nch@O@elf=\skip56
\f@nch@O@erf=\skip57
\f@nch@O@olf=\skip58
\f@nch@O@orf=\skip59
)
(c:/texlive/2023/texmf-dist/tex/latex/fancybox/fancybox.sty
Package: fancybox 2010/05/15 1.4

Style option: `fancybox' v1.4 <2010/05/15> (tvz)
\@fancybox=\box68
\shadowsize=\dimen162
\@Sbox=\box69
\do@VerbBox=\toks18
\the@fancyput=\toks19
\this@fancyput=\toks20
\EndVerbatimTokens=\toks21
\Verbatim@Outfile=\write3
\Verbatim@Infile=\read2
) (c:/texlive/2023/texmf-dist/tex/latex/psnfss/times.sty
Package: times 2020/03/25 PSNFSS-v9.3 (SPQR) 
)
(c:/texlive/2023/texmf-dist/tex/latex/base/fontenc.sty
Package: fontenc 2021/04/29 v2.0v Standard LaTeX package
LaTeX Font Info:    Trying to load font information for T1+ptm on input line 11
2.

(c:/texlive/2023/texmf-dist/tex/latex/psnfss/t1ptm.fd
File: t1ptm.fd 2001/06/04 font definitions for T1/ptm.
))
(c:/texlive/2023/texmf-dist/tex/latex/graphics/graphicx.sty
Package: graphicx 2021/09/16 v1.2d Enhanced LaTeX Graphics (DPC,SPQR)

(c:/texlive/2023/texmf-dist/tex/latex/graphics/keyval.sty
Package: keyval 2022/05/29 v1.15 key=value parser (DPC)
\KV@toks@=\toks22
)
(c:/texlive/2023/texmf-dist/tex/latex/graphics/graphics.sty
Package: graphics 2022/03/10 v1.4e Standard LaTeX Graphics (DPC,SPQR)

(c:/texlive/2023/texmf-dist/tex/latex/graphics/trig.sty
Package: trig 2021/08/11 v1.11 sin cos tan (DPC)
)
(c:/texlive/2023/texmf-dist/tex/latex/graphics-cfg/graphics.cfg
File: graphics.cfg 2016/06/04 v1.11 sample graphics configuration
)
Package graphics Info: Driver file: dvipdfmx.def on input line 107.

(c:/texlive/2023/texmf-dist/tex/latex/graphics-def/dvipdfmx.def
File: dvipdfmx.def 2022/09/22 v5.0m Graphics/color driver for dvipdfmx
))
\Gin@req@height=\dimen163
\Gin@req@width=\dimen164
)
(c:/texlive/2023/texmf-dist/tex/latex/tools/enumerate.sty
Package: enumerate 2023/07/04 v3.00 enumerate extensions (DPC)
\@enLab=\toks23
))
(c:/texlive/2023/texmf-dist/tex/latex/amsmath/amsmath.sty
Package: amsmath 2023/05/13 v2.17o AMS math features
\@mathmargin=\skip60

For additional information on amsmath, use the `?' option.
(c:/texlive/2023/texmf-dist/tex/latex/amsmath/amstext.sty
Package: amstext 2021/08/26 v2.01 AMS text

(c:/texlive/2023/texmf-dist/tex/latex/amsmath/amsgen.sty
File: amsgen.sty 1999/11/30 v2.0 generic functions
\@emptytoks=\toks24
\ex@=\dimen165
))
(c:/texlive/2023/texmf-dist/tex/latex/amsmath/amsbsy.sty
Package: amsbsy 1999/11/29 v1.2d Bold Symbols
\pmbraise@=\dimen166
)
(c:/texlive/2023/texmf-dist/tex/latex/amsmath/amsopn.sty
Package: amsopn 2022/04/08 v2.04 operator names
)
\inf@bad=\count196
LaTeX Info: Redefining \frac on input line 234.
\uproot@=\count197
\leftroot@=\count198
LaTeX Info: Redefining \overline on input line 399.
LaTeX Info: Redefining \colon on input line 410.
\classnum@=\count199
\DOTSCASE@=\count266
LaTeX Info: Redefining \ldots on input line 496.
LaTeX Info: Redefining \dots on input line 499.
LaTeX Info: Redefining \cdots on input line 620.
\Mathstrutbox@=\box70
\strutbox@=\box71
LaTeX Info: Redefining \big on input line 722.
LaTeX Info: Redefining \Big on input line 723.
LaTeX Info: Redefining \bigg on input line 724.
LaTeX Info: Redefining \Bigg on input line 725.
\big@size=\dimen167
LaTeX Font Info:    Redeclaring font encoding OML on input line 743.
LaTeX Font Info:    Redeclaring font encoding OMS on input line 744.
\macc@depth=\count267
LaTeX Info: Redefining \bmod on input line 905.
LaTeX Info: Redefining \pmod on input line 910.
LaTeX Info: Redefining \smash on input line 940.
LaTeX Info: Redefining \relbar on input line 970.
LaTeX Info: Redefining \Relbar on input line 971.
\c@MaxMatrixCols=\count268
\dotsspace@=\muskip16
\c@parentequation=\count269
\dspbrk@lvl=\count270
\tag@help=\toks25
\row@=\count271
\column@=\count272
\maxfields@=\count273
\andhelp@=\toks26
\eqnshift@=\dimen168
\alignsep@=\dimen169
\tagshift@=\dimen170
\tagwidth@=\dimen171
\totwidth@=\dimen172
\lineht@=\dimen173
\@envbody=\toks27
\multlinegap=\skip61
\multlinetaggap=\skip62
\mathdisplay@stack=\toks28
LaTeX Info: Redefining \[ on input line 2953.
LaTeX Info: Redefining \] on input line 2954.
)
(c:/texlive/2023/texmf-dist/tex/latex/amsfonts/amssymb.sty
Package: amssymb 2013/01/14 v3.01 AMS font symbols

(c:/texlive/2023/texmf-dist/tex/latex/amsfonts/amsfonts.sty
Package: amsfonts 2013/01/14 v3.01 Basic AMSFonts support
\symAMSa=\mathgroup5
\symAMSb=\mathgroup6
LaTeX Font Info:    Redeclaring math symbol \hbar on input line 98.
LaTeX Font Info:    Overwriting math alphabet `\mathfrak' in version `bold'
(Font)                  U/euf/m/n --> U/euf/b/n on input line 106.
))
(c:/texlive/2023/texmf-dist/tex/latex/tools/bm.sty
Package: bm 2023/07/08 v1.2f Bold Symbol Support (DPC/FMi)
\symboldoperators=\mathgroup7
\symboldletters=\mathgroup8
\symboldsymbols=\mathgroup9
Package bm Info: No bold for \OMX/cmex/m/n, using \pmb.
\symboldmincho=\mathgroup10
Package bm Info: No bold for \U/msa/m/n, using \pmb.
Package bm Info: No bold for \U/msb/m/n, using \pmb.
LaTeX Font Info:    Redeclaring math alphabet \mathbf on input line 149.
) (./minitoc.sty
Package: minitoc 2000/12/13 v34 Package minitoc, patched for hyperref

*** minitoc package, version 34 ***
*** patched for hyperref ***
*** part level macros available ***
*** chapter level macros available ***
\tf@mtc=\write4
*** Autoconfiguration of extensions ***
\openout4 = `main.mtc1'.

\openout4 = `main.mtc'.

(./main.mtc1)
\openout4 = `main.mtc'.

\openout4 = `main.mtc1'.


*** Long extensions (Unix-like) will be used ***
==> this version is configured for UNIX-like (long extensions) file names.
\mtc@toks=\toks29
\mtc@strutbox=\box72
\c@mtc=\count274
\c@minitocdepth=\count275
\mtcindent=\skip63
\c@ptc=\count276
\c@parttocdepth=\count277
\ptcindent=\skip64
(c:/texlive/2023/texmf-dist/tex/latex/minitoc/english.mld
File: english.mld 2006/01/13
))
(c:/texlive/2023/texmf-dist/tex/latex/tools/hhline.sty
Package: hhline 2020/01/04 v2.04 Table rule package (DPC)
) (./slashbox.sty
slashbox style by K.Yasuoka, May 1993.
\@slashboxa=\box73
\@slashboxb=\box74
\@slashboxc=\box75
\@slashboxwd=\count278
\@slashboxht=\count279
\@slashsepl=\dimen174
\@slashsepr=\dimen175
) (c:/texlive/2023/texmf-dist/tex/latex/booktabs/booktabs.sty
Package: booktabs 2020/01/12 v1.61803398 Publication quality tables
\heavyrulewidth=\dimen176
\lightrulewidth=\dimen177
\cmidrulewidth=\dimen178
\belowrulesep=\dimen179
\belowbottomsep=\dimen180
\aboverulesep=\dimen181
\abovetopsep=\dimen182
\cmidrulesep=\dimen183
\cmidrulekern=\dimen184
\defaultaddspace=\dimen185
\@cmidla=\count280
\@cmidlb=\count281
\@aboverulesep=\dimen186
\@belowrulesep=\dimen187
\@thisruleclass=\count282
\@lastruleclass=\count283
\@thisrulewidth=\dimen188
)
(c:/texlive/2023/texmf-dist/tex/latex/graphics/color.sty
Package: color 2022/01/06 v1.3d Standard LaTeX Color (DPC)

(c:/texlive/2023/texmf-dist/tex/latex/graphics-cfg/color.cfg
File: color.cfg 2016/01/02 v1.6 sample color configuration
)
Package color Info: Driver file: dvipdfmx.def on input line 149.

(c:/texlive/2023/texmf-dist/tex/latex/graphics/dvipsnam.def
File: dvipsnam.def 2016/06/17 v3.0m Driver-dependent file (DPC,SPQR)
)
(c:/texlive/2023/texmf-dist/tex/latex/graphics/mathcolor.ltx))
(c:/texlive/2023/texmf-dist/tex/latex/colortbl/colortbl.sty
Package: colortbl 2022/06/20 v1.0f Color table columns (DPC)

(c:/texlive/2023/texmf-dist/tex/latex/tools/array.sty
Package: array 2023/10/16 v2.5g Tabular extension package (FMi)
\col@sep=\dimen189
\ar@mcellbox=\box76
\extrarowheight=\dimen190
\NC@list=\toks30
\extratabsurround=\skip65
\backup@length=\skip66
\ar@cellbox=\box77
)
\everycr=\toks31
\minrowclearance=\skip67
\rownum=\count284
)
(c:/texlive/2023/texmf-dist/tex/latex/ascmac/ascmac.sty
Package: ascmac 2020/01/15 v2.1 ascmac wrapper (community edition) 

(c:/texlive/2023/texmf-dist/tex/latex/ascmac/tascmac.sty
Package: tascmac 2020/01/15 v2.1 ascmac package (community edition) 
\@savetbaselineshift=\dimen191
\@saveybaselineshift=\dimen192
\scb@x=\box78
\scscb@x=\box79
\@bw=\dimen193
\@nbox=\box80
\@nbody=\box81
\@scw=\dimen194
\ascmac@hoboxa=\box82
\ascmac@hoboxb=\box83
\@itemh=\dimen195
\@iboxpos=\toks32
\@iboxstr=\box84
\@bwsp=\box85
\@@bwsp=\box86
\@bcal=\count285
\shaderule=\dimen196
))
(c:/texlive/2023/texmf-dist/tex/latex/graphics/lscape.sty
Package: lscape 2020/05/28 v3.02 Landscape Pages (DPC)
)
(c:/texlive/2023/texmf-dist/tex/latex/url/url.sty
\Urlmuskip=\muskip17
Package: url 2013/09/16  ver 3.4  Verb mode for urls, etc.
) (./mediabb.sty
Package: mediabb 2006/10/26 v1.9 iNOUE Koich! <inoue@ma.ns.musashi-tech.ac.jp>
)
(c:/texlive/2023/texmf-dist/tex/latex/threeparttable/threeparttable.sty
Package: threeparttable 2003/06/13  v 3.0
\@tempboxb=\box87
)
(c:/texlive/2023/texmf-dist/tex/latex/caption/subcaption.sty
Package: subcaption 2023/07/28 v1.6b Sub-captions (AR)

(c:/texlive/2023/texmf-dist/tex/latex/caption/caption.sty
Package: caption 2023/08/05 v3.6o Customizing captions (AR)

(c:/texlive/2023/texmf-dist/tex/latex/caption/caption3.sty
Package: caption3 2023/07/31 v2.4d caption3 kernel (AR)
\caption@tempdima=\dimen197
\captionmargin=\dimen198
\caption@leftmargin=\dimen199
\caption@rightmargin=\dimen256
\caption@width=\dimen257
\caption@indent=\dimen258
\caption@parindent=\dimen259
\caption@hangindent=\dimen260
Package caption Info: Unknown document class (or package),
(caption)             standard defaults will be used.
Package caption Info: \@makecaption = \long macro:#1#2->{\small \advance \lefts
kip .0628\linewidth \advance \rightskip .0628\linewidth \vskip \abovecaptionski
p \sbox \@tempboxa {#1\hskip 1zw\relax #2}\ifdim \wd \@tempboxa <\hsize \center
ing \fi #1{\hskip 1zw\relax }#2\par \vskip \belowcaptionskip } on input line 11
75.
)

Package caption Warning: Unknown document class (or package),
(caption)                standard defaults will be used.
See the caption package documentation for explanation.

\c@caption@flags=\count286
\c@continuedfloat=\count287
Package caption Info: threeparttable package is loaded.
)
Package caption Info: New subtype `subfigure' on input line 238.
\c@subfigure=\count288
Package caption Info: New subtype `subtable' on input line 238.
\c@subtable=\count289
) (./algorithm.sty
Package: algorithm 2009/08/24 v0.1 Document Style `algorithm' - floating enviro
nment
 (c:/texlive/2023/texmf-dist/tex/latex/float/float.sty
Package: float 2001/11/08 v1.3d Float enhancements (AL)
\c@float@type=\count290
\float@exts=\toks33
\float@box=\box88
\@float@everytoks=\toks34
\@floatcapt=\box89
)
(c:/texlive/2023/texmf-dist/tex/latex/base/ifthen.sty
Package: ifthen 2022/04/13 v1.1d Standard LaTeX ifthen package (DPC)
)
\@float@every@algorithm=\toks35
\c@algorithm=\count291
) (./algorithmic.sty
Package: algorithmic 2009/08/24 v0.1 Document Style `algorithmic'
\c@ALC@unique=\count292
\c@ALC@line=\count293
\c@ALC@rem=\count294
\c@ALC@depth=\count295
\ALC@tlm=\skip68
\algorithmicindent=\skip69
)
(c:/texlive/2023/texmf-dist/tex/latex/l3backend/l3backend-dvips.def
File: l3backend-dvips.def 2024-01-04 L3 backend support: dvips
\l__pdf_internal_box=\box90
\g__pdf_backend_object_int=\count296
\l__pdf_backend_content_box=\box91
\l__pdf_backend_model_box=\box92
\g__pdf_backend_annotation_int=\count297
\g__pdf_backend_link_int=\count298
\g__pdf_backend_link_sf_int=\count299
)
(./main.aux

LaTeX Warning: Label `1 introduction and challenges of autonomous robots' multi
ply defined.


LaTeX Warning: Label `3 Concept of SAP-net' multiply defined.


LaTeX Warning: Label `3 structure SAP-net' multiply defined.


LaTeX Warning: Label `3 structure SAP-net' multiply defined.


LaTeX Warning: Label `3 structure SAP-net' multiply defined.


LaTeX Warning: Label `3 structure SAP-net' multiply defined.


LaTeX Warning: Label `3 structure SAP-net' multiply defined.


LaTeX Warning: Label `3 structure SAP-net' multiply defined.


LaTeX Warning: Label `3 structure SAP-net' multiply defined.


LaTeX Warning: Label `4 simulation experiments' multiply defined.


LaTeX Warning: Label `4 objectives simulation experiments' multiply defined.


LaTeX Warning: Label `4 conditions simulation experiments' multiply defined.


LaTeX Warning: Label `4 evaluation simulation experiments' multiply defined.


LaTeX Warning: Label `4 results simulation experiments' multiply defined.


LaTeX Warning: Label `4 simulation experiments' multiply defined.


LaTeX Warning: Label `4 objectives simulation experiments' multiply defined.


LaTeX Warning: Label `4 conditions simulation experiments' multiply defined.


LaTeX Warning: Label `4 evaluation simulation experiments' multiply defined.


LaTeX Warning: Label `4 results simulation experiments' multiply defined.


LaTeX Warning: Label `坂本2019' multiply defined.

)
\openout1 = `main.aux'.

LaTeX Font Info:    Checking defaults for OML/cmm/m/it on input line 38.
LaTeX Font Info:    ... okay on input line 38.
LaTeX Font Info:    Checking defaults for OMS/cmsy/m/n on input line 38.
LaTeX Font Info:    ... okay on input line 38.
LaTeX Font Info:    Checking defaults for OT1/cmr/m/n on input line 38.
LaTeX Font Info:    ... okay on input line 38.
LaTeX Font Info:    Checking defaults for T1/cmr/m/n on input line 38.
LaTeX Font Info:    ... okay on input line 38.
LaTeX Font Info:    Checking defaults for TS1/cmr/m/n on input line 38.
LaTeX Font Info:    ... okay on input line 38.
LaTeX Font Info:    Checking defaults for OMX/cmex/m/n on input line 38.
LaTeX Font Info:    ... okay on input line 38.
LaTeX Font Info:    Checking defaults for U/cmr/m/n on input line 38.
LaTeX Font Info:    ... okay on input line 38.
LaTeX Font Info:    Checking defaults for JY1/mc/m/n on input line 38.
LaTeX Font Info:    ... okay on input line 38.
LaTeX Font Info:    Checking defaults for JT1/mc/m/n on input line 38.
LaTeX Font Info:    ... okay on input line 38.
Package caption Info: Begin \AtBeginDocument code.
Package caption Info: float package is loaded.
Package caption Info: End \AtBeginDocument code.

PREPARING MINITOCS FROM main.toc
\openout4 = `main.bmt'.

\openout4 = `main.bmt'.

\openout4 = `main.bmt'.

Writing main.mtc1
\openout4 = `main.mtc1'.

Writing main.mtc2
\openout4 = `main.mtc2'.

Writing main.mtc3
\openout4 = `main.mtc3'.

Writing main.mtc4
\openout4 = `main.mtc4'.

Writing main.mtc5
\openout4 = `main.mtc5'.

\openout4 = `main.bmt'.

Writing main.mtc6
\openout4 = `main.mtc6'.

\openout4 = `main.bmt'.

Writing main.mtc7
\openout4 = `main.mtc7'.

Writing main.mtc8
\openout4 = `main.mtc8'.

\openout4 = `main.bmt'.

LaTeX Font Info:    Font shape `JT1/mc/b/n' in size <10> not available
(Font)              Font shape `JT1/mc/bx/n' tried instead on input line 41.
LaTeX Font Info:    Font shape `JT1/mc/bx/n' in size <10> not available
(Font)              Font shape `JT1/gt/m/n' tried instead on input line 41.
LaTeX Font Info:    Font shape `JT1/gt/m/n' will be
(Font)              scaled to size 9.60999pt on input line 41.
LaTeX Font Info:    Font shape `JY1/mc/b/n' in size <10> not available
(Font)              Font shape `JY1/mc/bx/n' tried instead on input line 41.
LaTeX Font Info:    Font shape `JY1/mc/bx/n' in size <10> not available
(Font)              Font shape `JY1/gt/m/n' tried instead on input line 41.
LaTeX Font Info:    Font shape `JY1/gt/m/n' will be
(Font)              scaled to size 9.60999pt on input line 41.
File: tdulogo.eps Graphic file (type eps)
<tdulogo.eps>
LaTeX Font Info:    Font shape `JT1/mc/b/n' in size <17.28> not available
(Font)              Font shape `JT1/mc/bx/n' tried instead on input line 41.
LaTeX Font Info:    Font shape `JT1/mc/bx/n' in size <17.28> not available
(Font)              Font shape `JT1/gt/m/n' tried instead on input line 41.
LaTeX Font Info:    Font shape `JT1/gt/m/n' will be
(Font)              scaled to size 16.60605pt on input line 41.
LaTeX Font Info:    Font shape `JY1/mc/b/n' in size <17.28> not available
(Font)              Font shape `JY1/mc/bx/n' tried instead on input line 41.
LaTeX Font Info:    Font shape `JY1/mc/bx/n' in size <17.28> not available
(Font)              Font shape `JY1/gt/m/n' tried instead on input line 41.
LaTeX Font Info:    Font shape `JY1/gt/m/n' will be
(Font)              scaled to size 16.60605pt on input line 41.
LaTeX Font Info:    Font shape `JT1/mc/m/n' will be
(Font)              scaled to size 13.83836pt on input line 41.
LaTeX Font Info:    Font shape `JY1/mc/m/n' will be
(Font)              scaled to size 13.83836pt on input line 41.
[1

] [2

]
LaTeX Font Info:    Trying to load font information for T1+phv on input line 48
.
 (c:/texlive/2023/texmf-dist/tex/latex/psnfss/t1phv.fd
File: t1phv.fd 2020/03/25 scalable font definitions for T1/phv.
)
LaTeX Font Info:    Font shape `JT1/mc/m/n' will be
(Font)              scaled to size 23.90964pt on input line 48.
LaTeX Font Info:    Font shape `JY1/mc/m/n' will be
(Font)              scaled to size 23.90964pt on input line 48.
LaTeX Font Info:    Font shape `JT1/gt/m/n' will be
(Font)              scaled to size 23.90964pt on input line 48.
LaTeX Font Info:    Font shape `JY1/gt/m/n' will be
(Font)              scaled to size 23.90964pt on input line 48.
 (./main.toc
LaTeX Font Info:    Font shape `JY1/mc/m/n' will be
(Font)              scaled to size 6.72699pt on input line 5.
LaTeX Font Info:    Font shape `JY1/mc/m/n' will be
(Font)              scaled to size 4.805pt on input line 5.
LaTeX Font Info:    Trying to load font information for U+msa on input line 5.

(c:/texlive/2023/texmf-dist/tex/latex/amsfonts/umsa.fd
File: umsa.fd 2013/01/14 v3.01 AMS symbols A
)
LaTeX Font Info:    Trying to load font information for U+msb on input line 5.

(c:/texlive/2023/texmf-dist/tex/latex/amsfonts/umsb.fd
File: umsb.fd 2013/01/14 v3.01 AMS symbols B
)
LaTeX Font Info:    Font shape `JY1/gt/m/n' will be
(Font)              scaled to size 6.72699pt on input line 5.
LaTeX Font Info:    Font shape `JY1/gt/m/n' will be
(Font)              scaled to size 4.805pt on input line 5.
 [1


] [2])
\tf@toc=\write5
\openout5 = `main.toc'.

 [3] [4

]
(./main.lof)
\tf@lof=\write6
\openout6 = `main.lof'.

 [5] [6] (./main.lot)
\tf@lot=\write7
\openout7 = `main.lot'.

 [7

] [8

]
第1章
LaTeX Font Info:    Font shape `JT1/mc/m/n' will be
(Font)              scaled to size 19.9311pt on input line 93.
LaTeX Font Info:    Font shape `JY1/mc/m/n' will be
(Font)              scaled to size 19.9311pt on input line 93.
LaTeX Font Info:    Font shape `JT1/gt/m/n' will be
(Font)              scaled to size 19.9311pt on input line 93.
LaTeX Font Info:    Font shape `JY1/gt/m/n' will be
(Font)              scaled to size 19.9311pt on input line 93.
LaTeX Font Info:    Font shape `JT1/mc/m/n' will be
(Font)              scaled to size 8.64899pt on input line 97.
LaTeX Font Info:    Font shape `JY1/mc/m/n' will be
(Font)              scaled to size 8.64899pt on input line 97.
LaTeX Font Info:    Font shape `JY1/mc/m/n' will be
(Font)              scaled to size 5.76599pt on input line 97.
LaTeX Font Info:    Font shape `JY1/gt/m/n' will be
(Font)              scaled to size 8.64899pt on input line 97.
LaTeX Font Info:    Font shape `JY1/gt/m/n' will be
(Font)              scaled to size 5.76599pt on input line 97.
LaTeX Font Info:    Font shape `JT1/mc/m/n' will be
(Font)              scaled to size 11.53198pt on input line 97.
LaTeX Font Info:    Font shape `JY1/mc/m/n' will be
(Font)              scaled to size 11.53198pt on input line 97.
LaTeX Font Info:    Font shape `JT1/mc/b/n' in size <12> not available
(Font)              Font shape `JT1/mc/bx/n' tried instead on input line 97.
LaTeX Font Info:    Font shape `JT1/mc/bx/n' in size <12> not available
(Font)              Font shape `JT1/gt/m/n' tried instead on input line 97.
LaTeX Font Info:    Font shape `JT1/gt/m/n' will be
(Font)              scaled to size 11.53198pt on input line 97.
LaTeX Font Info:    Font shape `JY1/mc/b/n' in size <12> not available
(Font)              Font shape `JY1/mc/bx/n' tried instead on input line 97.
LaTeX Font Info:    Font shape `JY1/mc/bx/n' in size <12> not available
(Font)              Font shape `JY1/gt/m/n' tried instead on input line 97.
LaTeX Font Info:    Font shape `JY1/gt/m/n' will be
(Font)              scaled to size 11.53198pt on input line 97.
LaTeX Font Info:    Font shape `JY1/gt/m/n' will be
(Font)              scaled to size 7.68799pt on input line 97.
(./main.mtc1
LaTeX Font Info:    Font shape `JT1/mc/b/n' in size <9> not available
(Font)              Font shape `JT1/mc/bx/n' tried instead on input line 1.
LaTeX Font Info:    Font shape `JT1/mc/bx/n' in size <9> not available
(Font)              Font shape `JT1/gt/m/n' tried instead on input line 1.
LaTeX Font Info:    Font shape `JT1/gt/m/n' will be
(Font)              scaled to size 8.64899pt on input line 1.
LaTeX Font Info:    Font shape `JY1/mc/b/n' in size <9> not available
(Font)              Font shape `JY1/mc/bx/n' tried instead on input line 1.
LaTeX Font Info:    Font shape `JY1/mc/bx/n' in size <9> not available
(Font)              Font shape `JY1/gt/m/n' tried instead on input line 1.
LaTeX Font Info:    Font shape `JY1/gt/m/n' will be
(Font)              scaled to size 8.64899pt on input line 1.
) [1

]
LaTeX Font Info:    Font shape `JT1/gt/m/n' will be
(Font)              scaled to size 13.83836pt on input line 99.
LaTeX Font Info:    Font shape `JY1/gt/m/n' will be
(Font)              scaled to size 13.83836pt on input line 99.
File: ./chap1/chap1_fig/robot_classification.pdf Graphic file (type pdf)
<./chap1/chap1_fig/robot_classification.pdf>


LaTeX Warning: `h' float specifier changed to `ht'.

File: ./chap1/chap1_fig/medical_robot.pdf Graphic file (type pdf)
<./chap1/chap1_fig/medical_robot.pdf>

LaTeX Warning: `h' float specifier changed to `ht'.

[2] [3]
File: ./chap1/chap1_fig/CAV_Level.pdf Graphic file (type pdf)
<./chap1/chap1_fig/CAV_Level.pdf>


LaTeX Warning: `h' float specifier changed to `ht'.

File: ./chap1/chap1_fig/CAV_schedule.pdf Graphic file (type pdf)
<./chap1/chap1_fig/CAV_schedule.pdf>

LaTeX Warning: `h' float specifier changed to `ht'.

[4

] [5]
File: ./chap1/chap1_fig/CAV_map.pdf Graphic file (type pdf)
<./chap1/chap1_fig/CAV_map.pdf>


LaTeX Warning: `h' float specifier changed to `ht'.

File: ./chap1/chap1_fig/tesla_accident.pdf Graphic file (type pdf)
<./chap1/chap1_fig/tesla_accident.pdf>

LaTeX Warning: `h' float specifier changed to `ht'.

File: ./chap1/chap1_fig/uber_accident.pdf Graphic file (type pdf)
<./chap1/chap1_fig/uber_accident.pdf>

LaTeX Warning: `h' float specifier changed to `ht'.

[6

] [7] [8]
File: ./chap1/chap1_fig/Avoidance_diagramA.pdf Graphic file (type pdf)
<./chap1/chap1_fig/Avoidance_diagramA.pdf>


LaTeX Warning: `h' float specifier changed to `ht'.

File: ./chap1/chap1_fig/Avoidance_diagramB.pdf Graphic file (type pdf)
<./chap1/chap1_fig/Avoidance_diagramB.pdf>

LaTeX Warning: `h' float specifier changed to `ht'.

[9

] [10]
File: ./chap1/chap1_fig/Autorobo_saigai.pdf Graphic file (type pdf)
<./chap1/chap1_fig/Autorobo_saigai.pdf>
File: ./chap1/chap1_fig/Autorobo_nougyou.pdf Graphic file (type pdf)
<./chap1/chap1_fig/Autorobo_nougyou.pdf>


LaTeX Warning: `h' float specifier changed to `ht'.

File: ./chap1/chap1_fig/Autorobo_robohon.pdf Graphic file (type pdf)
<./chap1/chap1_fig/Autorobo_robohon.pdf>

LaTeX Warning: `h' float specifier changed to `ht'.

File: ./chap1/chap1_fig/Autorobo_kagaku.pdf Graphic file (type pdf)
<./chap1/chap1_fig/Autorobo_kagaku.pdf>

LaTeX Warning: `h' float specifier changed to `ht'.

File: ./chap1/chap1_fig/Autorobo_gensiryoku.pdf Graphic file (type pdf)
<./chap1/chap1_fig/Autorobo_gensiryoku.pdf>

LaTeX Warning: `h' float specifier changed to `ht'.

File: ./chap1/chap1_fig/Autorobo_umi.pdf Graphic file (type pdf)
<./chap1/chap1_fig/Autorobo_umi.pdf>

LaTeX Warning: `h' float specifier changed to `ht'.

[11

] [12] [13] [14

] [15


] [16

]
File: ./chap1/chap1_fig/paper_flow.pdf Graphic file (type pdf)
<./chap1/chap1_fig/paper_flow.pdf>
 [17

] [18

]
第2章
(./main.mtc2) [19] [20] [21

] [22] [23

] [24

]
第3章
(./main.mtc3 [25])

Package fancyhdr Warning: \headheight is too small (20.0pt): 
(fancyhdr)                Make it at least 28.27264pt, for example:
(fancyhdr)                \setlength{\headheight}{28.27264pt}.
(fancyhdr)                You might also make \topmargin smaller to compensate:

(fancyhdr)                \addtolength{\topmargin}{-8.27264pt}.

[26] [27]
File: ./chap3/chap3_fig/model_example.pdf Graphic file (type pdf)
<./chap3/chap3_fig/model_example.pdf>


LaTeX Warning: `h' float specifier changed to `ht'.


Package fancyhdr Warning: \headheight is too small (20.0pt): 
(fancyhdr)                Make it at least 28.27264pt, for example:
(fancyhdr)                \setlength{\headheight}{28.27264pt}.
(fancyhdr)                You might also make \topmargin smaller to compensate:

(fancyhdr)                \addtolength{\topmargin}{-8.27264pt}.

[28

] [29]

Package fancyhdr Warning: \headheight is too small (20.0pt): 
(fancyhdr)                Make it at least 28.27264pt, for example:
(fancyhdr)                \setlength{\headheight}{28.27264pt}.
(fancyhdr)                You might also make \topmargin smaller to compensate:

(fancyhdr)                \addtolength{\topmargin}{-8.27264pt}.

[30

] [31

]
File: ./chap3/chap3_fig/Reinforcement_Learning.pdf Graphic file (type pdf)
<./chap3/chap3_fig/Reinforcement_Learning.pdf>


Package fancyhdr Warning: \headheight is too small (20.0pt): 
(fancyhdr)                Make it at least 28.27264pt, for example:
(fancyhdr)                \setlength{\headheight}{28.27264pt}.
(fancyhdr)                You might also make \topmargin smaller to compensate:

(fancyhdr)                \addtolength{\topmargin}{-8.27264pt}.

[32] [33

]
File: ./chap3/chap3_fig/transfer_learning.pdf Graphic file (type pdf)
<./chap3/chap3_fig/transfer_learning.pdf>


Package fancyhdr Warning: \headheight is too small (20.0pt): 
(fancyhdr)                Make it at least 28.27264pt, for example:
(fancyhdr)                \setlength{\headheight}{28.27264pt}.
(fancyhdr)                You might also make \topmargin smaller to compensate:

(fancyhdr)                \addtolength{\topmargin}{-8.27264pt}.

[34] [35

]
File: ./chap3/chap3_fig/Static_obstacle_placement.pdf Graphic file (type pdf)
<./chap3/chap3_fig/Static_obstacle_placement.pdf>


Package fancyhdr Warning: \headheight is too small (20.0pt): 
(fancyhdr)                Make it at least 28.27264pt, for example:
(fancyhdr)                \setlength{\headheight}{28.27264pt}.
(fancyhdr)                You might also make \topmargin smaller to compensate:

(fancyhdr)                \addtolength{\topmargin}{-8.27264pt}.

[36

]
File: ./chap3/chap3_fig/dynamic_obstaclesA.pdf Graphic file (type pdf)
<./chap3/chap3_fig/dynamic_obstaclesA.pdf>
File: ./chap3/chap3_fig/dynamic_obstaclesB.pdf Graphic file (type pdf)
<./chap3/chap3_fig/dynamic_obstaclesB.pdf>
 [37

]

Package fancyhdr Warning: \headheight is too small (20.0pt): 
(fancyhdr)                Make it at least 28.27264pt, for example:
(fancyhdr)                \setlength{\headheight}{28.27264pt}.
(fancyhdr)                You might also make \topmargin smaller to compensate:

(fancyhdr)                \addtolength{\topmargin}{-8.27264pt}.

[38]
File: ./chap3/chap3_fig/SAPmodel_example.pdf Graphic file (type pdf)
<./chap3/chap3_fig/SAPmodel_example.pdf>
 [39

]
LaTeX Font Info:    Trying to load font information for TS1+ptm on input line 6
32.
 (c:/texlive/2023/texmf-dist/tex/latex/psnfss/ts1ptm.fd
File: ts1ptm.fd 2001/06/04 font definitions for TS1/ptm.
)

Package fancyhdr Warning: \headheight is too small (20.0pt): 
(fancyhdr)                Make it at least 28.27264pt, for example:
(fancyhdr)                \setlength{\headheight}{28.27264pt}.
(fancyhdr)                You might also make \topmargin smaller to compensate:

(fancyhdr)                \addtolength{\topmargin}{-8.27264pt}.

[40] [41]
LaTeX Font Info:    Trying to load font information for T1+pcr on input line 67
2.
 (c:/texlive/2023/texmf-dist/tex/latex/psnfss/t1pcr.fd
File: t1pcr.fd 2001/06/04 font definitions for T1/pcr.
)

Package fancyhdr Warning: \headheight is too small (20.0pt): 
(fancyhdr)                Make it at least 28.27264pt, for example:
(fancyhdr)                \setlength{\headheight}{28.27264pt}.
(fancyhdr)                You might also make \topmargin smaller to compensate:

(fancyhdr)                \addtolength{\topmargin}{-8.27264pt}.

[42] [43]

LaTeX Warning: Reference `3 simulator' on page 44 undefined on input line 719.


LaTeX Warning: Reference `3 RL system' on page 44 undefined on input line 721.


LaTeX Warning: Reference `3 reward function' on page 44 undefined on input line
 724.


Package fancyhdr Warning: \headheight is too small (20.0pt): 
(fancyhdr)                Make it at least 28.27264pt, for example:
(fancyhdr)                \setlength{\headheight}{28.27264pt}.
(fancyhdr)                You might also make \topmargin smaller to compensate:

(fancyhdr)                \addtolength{\topmargin}{-8.27264pt}.

[44

]
第4章
(./main.mtc4) [45

] [46]

LaTeX Warning: Reference `4 single arm' on page 47 undefined on input line 744.



LaTeX Warning: Reference `4 double arm' on page 47 undefined on input line 746.


[47]
File: ./chap4/chap4_fig/single_double_robot.pdf Graphic file (type pdf)
<./chap4/chap4_fig/single_double_robot.pdf>
File: ./chap4/chap4_fig/flat_surface.pdf Graphic file (type pdf)
<./chap4/chap4_fig/flat_surface.pdf>
 [48

] [49

] [50

] [51

] [52

] [53

]

LaTeX Warning: Reference `4 single arm' on page 54 undefined on input line 874.



LaTeX Warning: Reference `4 double arm' on page 54 undefined on input line 878.


[54

]
第5章
(./main.mtc5) [55


] [56] (./Backmatter/Thank.tex [57

] [58

] [59] [60])
(./Reference/ref.tex [61] [62

] [63] [64] [65]
LaTeX Font Info:    Font shape `JT1/gt/m/it' in size <10> not available
(Font)              Font shape `JT1/gt/m/n' tried instead on input line 117.
LaTeX Font Info:    Font shape `JT1/gt/m/n' will be
(Font)              scaled to size 9.60999pt on input line 117.
LaTeX Font Info:    Font shape `JY1/gt/m/it' in size <10> not available
(Font)              Font shape `JY1/gt/m/n' tried instead on input line 117.
LaTeX Font Info:    Font shape `JY1/gt/m/n' will be
(Font)              scaled to size 9.60999pt on input line 117.
 [66

]) (./Backmatter/Achieve.tex
[67] [68

] [69]) [70] (./main.aux)
 ***********
pLaTeX2e <2023-02-14>+1, based on
LaTeX2e <2023-11-01>
L3 programming layer <2024-01-04>
 ***********


LaTeX Warning: There were undefined references.


LaTeX Warning: There were multiply-defined labels.

 ) 
Here is how much of TeX's memory you used:
 6854 strings out of 474823
 108304 string characters out of 5763802
 1932373 words of memory out of 5000000
 28964 multiletter control sequences out of 15000+600000
 608626 words of font info for 160 fonts, out of 8000000 for 9000
 934 hyphenation exceptions out of 8191
 72i,13n,79p,2811b,623s stack positions out of 10000i,1000n,20000p,200000b,200000s

Output written on main.dvi (80 pages, 242700 bytes).
