This is pdfTeX, Version 3.14159265-2.6-1.40.19 (TeX Live 2018/W32TeX) (preloaded format=pdflatex 2018.12.11)  14 DEC 2022 16:34
entering extended mode
 restricted \write18 enabled.
 %&-line parsing enabled.
**Achieve.tex
(./Achieve.tex
LaTeX2e <2018-12-01>
! Undefined control sequence.
l.1 \chapter
            *{Œ¤‹†‹ÆÑ}
The control sequence at the end of the top line
of your error message was never \def'ed. If you have
misspelled it (e.g., `\hobx'), type `I' and the correct
spelling (e.g., `I\hbox'). Otherwise just continue,
and I'll forget about whatever was undefined.


! LaTeX Error: Missing \begin{document}.

See the LaTeX manual or LaTeX Companion for explanation.
Type  H <return>  for immediate help.
 ...                                              
                                                  
l.1 \chapter*
             {Œ¤‹†‹ÆÑ}
You're in trouble here.  Try typing  <return>  to proceed.
If that doesn't work, type  X <return>  to quit.

Missing character: There is no * in font nullfont!

! Package inputenc Error: Invalid UTF-8 byte "8C.

See the inputenc package documentation for explanation.
Type  H <return>  for immediate help.
 ...                                              
                                                  
l.1 \chapter*{Œ
               ¤‹†‹ÆÑ}
The document does not appear to be in UTF-8 encoding.
Try adding \UseRawInputEncoding as the first line of the file
or specify an encoding such as \usepackage [latin1]{inputenc}
in the document preamble.
Alternatively, save the file in UTF-8 using your editor or another tool


! Package inputenc Error: Invalid UTF-8 byte "A4.

See the inputenc package documentation for explanation.
Type  H <return>  for immediate help.
 ...                                              
                                                  
l.1 \chapter*{Œ¤
                ‹†‹ÆÑ}
The document does not appear to be in UTF-8 encoding.
Try adding \UseRawInputEncoding as the first line of the file
or specify an encoding such as \usepackage [latin1]{inputenc}
in the document preamble.
Alternatively, save the file in UTF-8 using your editor or another tool


! Package inputenc Error: Invalid UTF-8 byte "8B.

See the inputenc package documentation for explanation.
Type  H <return>  for immediate help.
 ...                                              
                                                  
l.1 \chapter*{Œ¤‹
                 †‹ÆÑ}
The document does not appear to be in UTF-8 encoding.
Try adding \UseRawInputEncoding as the first line of the file
or specify an encoding such as \usepackage [latin1]{inputenc}
in the document preamble.
Alternatively, save the file in UTF-8 using your editor or another tool


! Package inputenc Error: Invalid UTF-8 byte "86.

See the inputenc package documentation for explanation.
Type  H <return>  for immediate help.
 ...                                              
                                                  
l.1 \chapter*{Œ¤‹†
                  ‹ÆÑ}
The document does not appear to be in UTF-8 encoding.
Try adding \UseRawInputEncoding as the first line of the file
or specify an encoding such as \usepackage [latin1]{inputenc}
in the document preamble.
Alternatively, save the file in UTF-8 using your editor or another tool


! Package inputenc Error: Invalid UTF-8 byte "8B.

See the inputenc package documentation for explanation.
Type  H <return>  for immediate help.
 ...                                              
                                                  
l.1 \chapter*{Œ¤‹†‹
                   ÆÑ}
The document does not appear to be in UTF-8 encoding.
Try adding \UseRawInputEncoding as the first line of the file
or specify an encoding such as \usepackage [latin1]{inputenc}
in the document preamble.
Alternatively, save the file in UTF-8 using your editor or another tool


! Package inputenc Error: Unicode character Æ (U+0190)
(inputenc)                not set up for use with LaTeX.

See the inputenc package documentation for explanation.
Type  H <return>  for immediate help.
 ...                                              
                                                  
l.1 \chapter*{Œ¤‹†‹Æ
                     Ñ}
You may provide a definition with
\DeclareUnicodeCharacter 

! Argument of \UTFviii@two@octets has an extra }.
<inserted text> 
                \par 
l.1 \chapter*{Œ¤‹†‹ÆÑ}
                       
I've run across a `}' that doesn't seem to match anything.
For example, `\def\a#1{...}' and `\a}' would produce
this error. If you simply proceed now, the `\par' that
I've just inserted will cause me to report a runaway
argument that might be the root of the problem. But if
your `}' was spurious, just type `2' and it will go away.

Runaway argument?
! Paragraph ended before \UTFviii@two@octets was complete.
<to be read again> 
                   \par 
l.1 \chapter*{Œ¤‹†‹ÆÑ}
                       
I suspect you've forgotten a `}', causing me to apply this
control sequence to too much text. How can we recover?
My plan is to forget the whole thing and hope for the best.


Overfull \hbox (20.0pt too wide) in paragraph at lines 1--1
[] 
 []

! Argument of \UTFviii@two@octets has an extra }.
<inserted text> 
                \par 
l.3 \markboth{Œ¤‹†‹ÆÑ}{}
                         
I've run across a `}' that doesn't seem to match anything.
For example, `\def\a#1{...}' and `\a}' would produce
this error. If you simply proceed now, the `\par' that
I've just inserted will cause me to report a runaway
argument that might be the root of the problem. But if
your `}' was spurious, just type `2' and it will go away.

Runaway argument?
! Paragraph ended before \UTFviii@two@octets was complete.
<to be read again> 
                   \par 
l.3 \markboth{Œ¤‹†‹ÆÑ}{}
                         
I suspect you've forgotten a `}', causing me to apply this
control sequence to too much text. How can we recover?
My plan is to forget the whole thing and hope for the best.

! Undefined control sequence.
l.6 \lhead
          [Œ¤‹†‹ÆÑ]{}
The control sequence at the end of the top line
of your error message was never \def'ed. If you have
misspelled it (e.g., `\hobx'), type `I' and the correct
spelling (e.g., `I\hbox'). Otherwise just continue,
and I'll forget about whatever was undefined.


! LaTeX Error: Missing \begin{document}.

See the LaTeX manual or LaTeX Companion for explanation.
Type  H <return>  for immediate help.
 ...                                              
                                                  
l.6 \lhead[
           Œ¤‹†‹ÆÑ]{}
You're in trouble here.  Try typing  <return>  to proceed.
If that doesn't work, type  X <return>  to quit.

Missing character: There is no [ in font nullfont!

! Package inputenc Error: Invalid UTF-8 byte "8C.

See the inputenc package documentation for explanation.
Type  H <return>  for immediate help.
 ...                                              
                                                  
l.6 \lhead[Œ
            ¤‹†‹ÆÑ]{}
The document does not appear to be in UTF-8 encoding.
Try adding \UseRawInputEncoding as the first line of the file
or specify an encoding such as \usepackage [latin1]{inputenc}
in the document preamble.
Alternatively, save the file in UTF-8 using your editor or another tool


! Package inputenc Error: Invalid UTF-8 byte "A4.

See the inputenc package documentation for explanation.
Type  H <return>  for immediate help.
 ...                                              
                                                  
l.6 \lhead[Œ¤
             ‹†‹ÆÑ]{}
The document does not appear to be in UTF-8 encoding.
Try adding \UseRawInputEncoding as the first line of the file
or specify an encoding such as \usepackage [latin1]{inputenc}
in the document preamble.
Alternatively, save the file in UTF-8 using your editor or another tool


! Package inputenc Error: Invalid UTF-8 byte "8B.

See the inputenc package documentation for explanation.
Type  H <return>  for immediate help.
 ...                                              
                                                  
l.6 \lhead[Œ¤‹
              †‹ÆÑ]{}
The document does not appear to be in UTF-8 encoding.
Try adding \UseRawInputEncoding as the first line of the file
or specify an encoding such as \usepackage [latin1]{inputenc}
in the document preamble.
Alternatively, save the file in UTF-8 using your editor or another tool


! Package inputenc Error: Invalid UTF-8 byte "86.

See the inputenc package documentation for explanation.
Type  H <return>  for immediate help.
 ...                                              
                                                  
l.6 \lhead[Œ¤‹†
               ‹ÆÑ]{}
The document does not appear to be in UTF-8 encoding.
Try adding \UseRawInputEncoding as the first line of the file
or specify an encoding such as \usepackage [latin1]{inputenc}
in the document preamble.
Alternatively, save the file in UTF-8 using your editor or another tool


! Package inputenc Error: Invalid UTF-8 byte "8B.

See the inputenc package documentation for explanation.
Type  H <return>  for immediate help.
 ...                                              
                                                  
l.6 \lhead[Œ¤‹†‹
                ÆÑ]{}
The document does not appear to be in UTF-8 encoding.
Try adding \UseRawInputEncoding as the first line of the file
or specify an encoding such as \usepackage [latin1]{inputenc}
in the document preamble.
Alternatively, save the file in UTF-8 using your editor or another tool


! Package inputenc Error: Unicode character Æ (U+0190)
(inputenc)                not set up for use with LaTeX.

See the inputenc package documentation for explanation.
Type  H <return>  for immediate help.
 ...                                              
                                                  
l.6 \lhead[Œ¤‹†‹Æ
                  Ñ]{}
You may provide a definition with
\DeclareUnicodeCharacter 


! Package inputenc Error: Invalid UTF-8 byte sequence.

See the inputenc package documentation for explanation.
Type  H <return>  for immediate help.
 ...                                              
                                                  
l.6 \lhead[Œ¤‹†‹ÆÑ]
                    {}
The document does not appear to be in UTF-8 encoding.
Try adding \UseRawInputEncoding as the first line of the file
or specify an encoding such as \usepackage [latin1]{inputenc}
in the document preamble.
Alternatively, save the file in UTF-8 using your editor or another tool


Overfull \hbox (20.0pt too wide) in paragraph at lines 6--9
[]
 []


! LaTeX Error: The font size command \normalsize is not defined:
               there is probably something wrong with the class file.

See the LaTeX manual or LaTeX Companion for explanation.
Type  H <return>  for immediate help.
 ...                                              
                                                  
l.10 \newpage
             
Your command was ignored.
Type  I <command> <return>  to replace it with another command,
or  <return>  to continue without it.

[1
! Undefined control sequence.
<write> \newlabel{achive}{{}{\thepage 
                                      }}
l.10 \newpage
             
The control sequence at the end of the top line
of your error message was never \def'ed. If you have
misspelled it (e.g., `\hobx'), type `I' and the correct
spelling (e.g., `I\hbox'). Otherwise just continue,
and I'll forget about whatever was undefined.

\newlabel{achive}{{}{}}
]
! Undefined control sequence.
l.19 \section
             *{¸“Ç—L‚è‘“à‰ï‹c}
The control sequence at the end of the top line
of your error message was never \def'ed. If you have
misspelled it (e.g., `\hobx'), type `I' and the correct
spelling (e.g., `I\hbox'). Otherwise just continue,
and I'll forget about whatever was undefined.


! LaTeX Error: Missing \begin{document}.

See the LaTeX manual or LaTeX Companion for explanation.
Type  H <return>  for immediate help.
 ...                                              
                                                  
l.19 \section*
              {¸“Ç—L‚è‘“à‰ï‹c}
You're in trouble here.  Try typing  <return>  to proceed.
If that doesn't work, type  X <return>  to quit.

Missing character: There is no * in font nullfont!

! Package inputenc Error: Invalid UTF-8 byte "8D.

See the inputenc package documentation for explanation.
Type  H <return>  for immediate help.
 ...                                              
                                                  
l.19 \section*{
                ¸“Ç—L‚è‘“à‰ï‹c}
The document does not appear to be in UTF-8 encoding.
Try adding \UseRawInputEncoding as the first line of the file
or specify an encoding such as \usepackage [latin1]{inputenc}
in the document preamble.
Alternatively, save the file in UTF-8 using your editor or another tool


! Package inputenc Error: Invalid UTF-8 byte "B8.

See the inputenc package documentation for explanation.
Type  H <return>  for immediate help.
 ...                                              
                                                  
l.19 \section*{¸
                 “Ç—L‚è‘“à‰ï‹c}
The document does not appear to be in UTF-8 encoding.
Try adding \UseRawInputEncoding as the first line of the file
or specify an encoding such as \usepackage [latin1]{inputenc}
in the document preamble.
Alternatively, save the file in UTF-8 using your editor or another tool


! Package inputenc Error: Invalid UTF-8 byte "93.

See the inputenc package documentation for explanation.
Type  H <return>  for immediate help.
 ...                                              
                                                  
l.19 \section*{¸“
                  Ç—L‚è‘“à‰ï‹c}
The document does not appear to be in UTF-8 encoding.
Try adding \UseRawInputEncoding as the first line of the file
or specify an encoding such as \usepackage [latin1]{inputenc}
in the document preamble.
Alternatively, save the file in UTF-8 using your editor or another tool


! Package inputenc Error: Unicode character Ç— (U+01D7)
(inputenc)                not set up for use with LaTeX.

See the inputenc package documentation for explanation.
Type  H <return>  for immediate help.
 ...                                              
                                                  
l.19 \section*{¸“Ç—
                    L‚è‘“à‰ï‹c}
You may provide a definition with
\DeclareUnicodeCharacter 

Missing character: There is no L in font nullfont!

! Package inputenc Error: Invalid UTF-8 byte "82.

See the inputenc package documentation for explanation.
Type  H <return>  for immediate help.
 ...                                              
                                                  
l.19 \section*{¸“Ç—L‚
                      è‘“à‰ï‹c}
The document does not appear to be in UTF-8 encoding.
Try adding \UseRawInputEncoding as the first line of the file
or specify an encoding such as \usepackage [latin1]{inputenc}
in the document preamble.
Alternatively, save the file in UTF-8 using your editor or another tool


! Package inputenc Error: Unicode character è‘ (U+8351)
(inputenc)                not set up for use with LaTeX.

See the inputenc package documentation for explanation.
Type  H <return>  for immediate help.
 ...                                              
                                                  
l.19 \section*{¸“Ç—L‚è‘
                         “à‰ï‹c}
You may provide a definition with
\DeclareUnicodeCharacter 


! Package inputenc Error: Invalid UTF-8 byte "93.

See the inputenc package documentation for explanation.
Type  H <return>  for immediate help.
 ...                                              
                                                  
l.19 \section*{¸“Ç—L‚è‘“
                          à‰ï‹c}
The document does not appear to be in UTF-8 encoding.
Try adding \UseRawInputEncoding as the first line of the file
or specify an encoding such as \usepackage [latin1]{inputenc}
in the document preamble.
Alternatively, save the file in UTF-8 using your editor or another tool


! Package inputenc Error: Invalid UTF-8 byte sequence.

See the inputenc package documentation for explanation.
Type  H <return>  for immediate help.
 ...                                              
                                                  
l.19 \section*{¸“Ç—L‚è‘“à‰ï
                             ‹c}
The document does not appear to be in UTF-8 encoding.
Try adding \UseRawInputEncoding as the first line of the file
or specify an encoding such as \usepackage [latin1]{inputenc}
in the document preamble.
Alternatively, save the file in UTF-8 using your editor or another tool


! Package inputenc Error: Invalid UTF-8 byte "8B.

See the inputenc package documentation for explanation.
Type  H <return>  for immediate help.
 ...                                              
                                                  
l.19 \section*{¸“Ç—L‚è‘“à‰ï‹
                              c}
The document does not appear to be in UTF-8 encoding.
Try adding \UseRawInputEncoding as the first line of the file
or specify an encoding such as \usepackage [latin1]{inputenc}
in the document preamble.
Alternatively, save the file in UTF-8 using your editor or another tool

Missing character: There is no c in font nullfont!

Overfull \hbox (20.0pt too wide) in paragraph at lines 19--22
[]
 []


! Package inputenc Error: Invalid UTF-8 byte "88.

See the inputenc package documentation for explanation.
Type  H <return>  for immediate help.
 ...                                              
                                                  
l.23 	\item \textbf{ˆÉ“¡ —ƒ}
                            , ‰Í–ì m, “c‘º —Y‰î, R‰º ~, ŸÇŠÔ ˆê: ``ƒA[ƒ€...

The document does not appear to be in UTF-8 encoding.
Try adding \UseRawInputEncoding as the first line of the file
or specify an encoding such as \usepackage [latin1]{inputenc}
in the document preamble.
Alternatively, save the file in UTF-8 using your editor or another tool


! Package inputenc Error: Unicode character É“ (U+0253)
(inputenc)                not set up for use with LaTeX.

See the inputenc package documentation for explanation.
Type  H <return>  for immediate help.
 ...                                              
                                                  
l.23 	\item \textbf{ˆÉ“¡ —ƒ}
                            , ‰Í–ì m, “c‘º —Y‰î, R‰º ~, ŸÇŠÔ ˆê: ``ƒA[ƒ€...

You may provide a definition with
\DeclareUnicodeCharacter 


! Package inputenc Error: Invalid UTF-8 byte "A1.

See the inputenc package documentation for explanation.
Type  H <return>  for immediate help.
 ...                                              
                                                  
l.23 	\item \textbf{ˆÉ“¡ —ƒ}
                            , ‰Í–ì m, “c‘º —Y‰î, R‰º ~, ŸÇŠÔ ˆê: ``ƒA[ƒ€...

The document does not appear to be in UTF-8 encoding.
Try adding \UseRawInputEncoding as the first line of the file
or specify an encoding such as \usepackage [latin1]{inputenc}
in the document preamble.
Alternatively, save the file in UTF-8 using your editor or another tool


! Package inputenc Error: Invalid UTF-8 byte "97.

See the inputenc package documentation for explanation.
Type  H <return>  for immediate help.
 ...                                              
                                                  
l.23 	\item \textbf{ˆÉ“¡ —ƒ}
                            , ‰Í–ì m, “c‘º —Y‰î, R‰º ~, ŸÇŠÔ ˆê: ``ƒA[ƒ€...

The document does not appear to be in UTF-8 encoding.
Try adding \UseRawInputEncoding as the first line of the file
or specify an encoding such as \usepackage [latin1]{inputenc}
in the document preamble.
Alternatively, save the file in UTF-8 using your editor or another tool


! Package inputenc Error: Invalid UTF-8 byte "83.

See the inputenc package documentation for explanation.
Type  H <return>  for immediate help.
 ...                                              
                                                  
l.23 	\item \textbf{ˆÉ“¡ —ƒ}
                            , ‰Í–ì m, “c‘º —Y‰î, R‰º ~, ŸÇŠÔ ˆê: ``ƒA[ƒ€...

The document does not appear to be in UTF-8 encoding.
Try adding \UseRawInputEncoding as the first line of the file
or specify an encoding such as \usepackage [latin1]{inputenc}
in the document preamble.
Alternatively, save the file in UTF-8 using your editor or another tool

Missing character: There is no , in font nullfont!

! Package inputenc Error: Invalid UTF-8 byte "89.

See the inputenc package documentation for explanation.
Type  H <return>  for immediate help.
 ...                                              
                                                  
l.23 	\item \textbf{ˆÉ“¡ —ƒ}, ‰
                               Í–ì m, “c‘º —Y‰î, R‰º ~, ŸÇŠÔ ˆê: ``ƒA[ƒ€...

The document does not appear to be in UTF-8 encoding.
Try adding \UseRawInputEncoding as the first line of the file
or specify an encoding such as \usepackage [latin1]{inputenc}
in the document preamble.
Alternatively, save the file in UTF-8 using your editor or another tool


! Package inputenc Error: Unicode character Í– (U+0356)
(inputenc)                not set up for use with LaTeX.

See the inputenc package documentation for explanation.
Type  H <return>  for immediate help.
 ...                                              
                                                  
l.23 	\item \textbf{ˆÉ“¡ —ƒ}, ‰Í–
                                 ì m, “c‘º —Y‰î, R‰º ~, ŸÇŠÔ ˆê: ``ƒA[ƒ€...

You may provide a definition with
\DeclareUnicodeCharacter 


! Package inputenc Error: Invalid UTF-8 byte sequence.

See the inputenc package documentation for explanation.
Type  H <return>  for immediate help.
 ...                                              
                                                  
l.23 	\item \textbf{ˆÉ“¡ —ƒ}, ‰Í–ì m
                                     , “c‘º —Y‰î, R‰º ~, ŸÇŠÔ ˆê: ``ƒA[ƒ€...

The document does not appear to be in UTF-8 encoding.
Try adding \UseRawInputEncoding as the first line of the file
or specify an encoding such as \usepackage [latin1]{inputenc}
in the document preamble.
Alternatively, save the file in UTF-8 using your editor or another tool

Missing character: There is no , in font nullfont!

! Package inputenc Error: Invalid UTF-8 byte "93.

See the inputenc package documentation for explanation.
Type  H <return>  for immediate help.
 ...                                              
                                                  
l.23 	\item \textbf{ˆÉ“¡ —ƒ}, ‰Í–ì m, “
                                        c‘º —Y‰î, R‰º ~, ŸÇŠÔ ˆê: ``ƒA[ƒ€...

The document does not appear to be in UTF-8 encoding.
Try adding \UseRawInputEncoding as the first line of the file
or specify an encoding such as \usepackage [latin1]{inputenc}
in the document preamble.
Alternatively, save the file in UTF-8 using your editor or another tool

Missing character: There is no c in font nullfont!

! Package inputenc Error: Invalid UTF-8 byte "91.

See the inputenc package documentation for explanation.
Type  H <return>  for immediate help.
 ...                                              
                                                  
l.23 	\item \textbf{ˆÉ“¡ —ƒ}, ‰Í–ì m, “c‘
                                          º —Y‰î, R‰º ~, ŸÇŠÔ ˆê: ``ƒA[ƒ€...

The document does not appear to be in UTF-8 encoding.
Try adding \UseRawInputEncoding as the first line of the file
or specify an encoding such as \usepackage [latin1]{inputenc}
in the document preamble.
Alternatively, save the file in UTF-8 using your editor or another tool


! Package inputenc Error: Invalid UTF-8 byte "BA.

See the inputenc package documentation for explanation.
Type  H <return>  for immediate help.
 ...                                              
                                                  
l.23 	\item \textbf{ˆÉ“¡ —ƒ}, ‰Í–ì m, “c‘º
                                            —Y‰î, R‰º ~, ŸÇŠÔ ˆê: ``ƒA[ƒ€...

The document does not appear to be in UTF-8 encoding.
Try adding \UseRawInputEncoding as the first line of the file
or specify an encoding such as \usepackage [latin1]{inputenc}
in the document preamble.
Alternatively, save the file in UTF-8 using your editor or another tool


! Package inputenc Error: Invalid UTF-8 byte "97.

See the inputenc package documentation for explanation.
Type  H <return>  for immediate help.
 ...                                              
                                                  
l.23 	\item \textbf{ˆÉ“¡ —ƒ}, ‰Í–ì m, “c‘º —
                                             Y‰î, R‰º ~, ŸÇŠÔ ˆê: ``ƒA[ƒ€...

The document does not appear to be in UTF-8 encoding.
Try adding \UseRawInputEncoding as the first line of the file
or specify an encoding such as \usepackage [latin1]{inputenc}
in the document preamble.
Alternatively, save the file in UTF-8 using your editor or another tool

Missing character: There is no Y in font nullfont!

! Package inputenc Error: Invalid UTF-8 byte "89.

See the inputenc package documentation for explanation.
Type  H <return>  for immediate help.
 ...                                              
                                                  
l.23 	\item \textbf{ˆÉ“¡ —ƒ}, ‰Í–ì m, “c‘º —Y‰
                                               î, R‰º ~, ŸÇŠÔ ˆê: ``ƒA[ƒ€...

The document does not appear to be in UTF-8 encoding.
Try adding \UseRawInputEncoding as the first line of the file
or specify an encoding such as \usepackage [latin1]{inputenc}
in the document preamble.
Alternatively, save the file in UTF-8 using your editor or another tool


! Package inputenc Error: Invalid UTF-8 byte sequence.

See the inputenc package documentation for explanation.
Type  H <return>  for immediate help.
 ...                                              
                                                  
l.23 ...em \textbf{ˆÉ“¡ —ƒ}, ‰Í–ì m, “c‘º —Y‰î, 
                                                  R‰º ~, ŸÇŠÔ ˆê: ``ƒA[ƒ€“...

The document does not appear to be in UTF-8 encoding.
Try adding \UseRawInputEncoding as the first line of the file
or specify an encoding such as \usepackage [latin1]{inputenc}
in the document preamble.
Alternatively, save the file in UTF-8 using your editor or another tool

Missing character: There is no R in font nullfont!

! Package inputenc Error: Invalid UTF-8 byte "89.

See the inputenc package documentation for explanation.
Type  H <return>  for immediate help.
 ...                                              
                                                  
l.23 ... \textbf{ˆÉ“¡ —ƒ}, ‰Í–ì m, “c‘º —Y‰î, R‰
                                                  º ~, ŸÇŠÔ ˆê: ``ƒA[ƒ€“‹...

The document does not appear to be in UTF-8 encoding.
Try adding \UseRawInputEncoding as the first line of the file
or specify an encoding such as \usepackage [latin1]{inputenc}
in the document preamble.
Alternatively, save the file in UTF-8 using your editor or another tool


! Package inputenc Error: Invalid UTF-8 byte "BA.

See the inputenc package documentation for explanation.
Type  H <return>  for immediate help.
 ...                                              
                                                  
l.23 ...\textbf{ˆÉ“¡ —ƒ}, ‰Í–ì m, “c‘º —Y‰î, R‰º
                                                   ~, ŸÇŠÔ ˆê: ``ƒA[ƒ€“‹Ú...

The document does not appear to be in UTF-8 encoding.
Try adding \UseRawInputEncoding as the first line of the file
or specify an encoding such as \usepackage [latin1]{inputenc}
in the document preamble.
Alternatively, save the file in UTF-8 using your editor or another tool


! Package inputenc Error: Invalid UTF-8 byte "8F.

See the inputenc package documentation for explanation.
Type  H <return>  for immediate help.
 ...                                              
                                                  
l.23 ...extbf{ˆÉ“¡ —ƒ}, ‰Í–ì m, “c‘º —Y‰î, R‰º 
                                                  ~, ŸÇŠÔ ˆê: ``ƒA[ƒ€“‹ÚˆÚ...

The document does not appear to be in UTF-8 encoding.
Try adding \UseRawInputEncoding as the first line of the file
or specify an encoding such as \usepackage [latin1]{inputenc}
in the document preamble.
Alternatively, save the file in UTF-8 using your editor or another tool

Missing character: There is no , in font nullfont!

! Package inputenc Error: Invalid UTF-8 byte "9F.

See the inputenc package documentation for explanation.
Type  H <return>  for immediate help.
 ...                                              
                                                  
l.23 ...f{ˆÉ“¡ —ƒ}, ‰Í–ì m, “c‘º —Y‰î, R‰º ~, Ÿ
                                                  ÇŠÔ ˆê: ``ƒA[ƒ€“‹ÚˆÚ“®ƒ...

The document does not appear to be in UTF-8 encoding.
Try adding \UseRawInputEncoding as the first line of the file
or specify an encoding such as \usepackage [latin1]{inputenc}
in the document preamble.
Alternatively, save the file in UTF-8 using your editor or another tool


! Package inputenc Error: Unicode character ÇŠ (U+01CA)
(inputenc)                not set up for use with LaTeX.

See the inputenc package documentation for explanation.
Type  H <return>  for immediate help.
 ...                                              
                                                  
l.23 ...ˆÉ“¡ —ƒ}, ‰Í–ì m, “c‘º —Y‰î, R‰º ~, ŸÇŠ
                                                  Ô ˆê: ``ƒA[ƒ€“‹ÚˆÚ“®ƒƒ{...

You may provide a definition with
\DeclareUnicodeCharacter 


! Package inputenc Error: Unicode character Ôˆ (U+0508)
(inputenc)                not set up for use with LaTeX.

See the inputenc package documentation for explanation.
Type  H <return>  for immediate help.
 ...                                              
                                                  
l.23 ...¡ —ƒ}, ‰Í–ì m, “c‘º —Y‰î, R‰º ~, ŸÇŠÔ ˆ
                                                  ê: ``ƒA[ƒ€“‹ÚˆÚ“®ƒƒ{ƒbƒ...

You may provide a definition with
\DeclareUnicodeCharacter 


! Package inputenc Error: Invalid UTF-8 byte sequence.

See the inputenc package documentation for explanation.
Type  H <return>  for immediate help.
 ...                                              
                                                  
l.23 ...}, ‰Í–ì m, “c‘º —Y‰î, R‰º ~, ŸÇŠÔ ˆê: `
                                                  `ƒA[ƒ€“‹ÚˆÚ“®ƒƒ{ƒbƒg‚Ì‹...

The document does not appear to be in UTF-8 encoding.
Try adding \UseRawInputEncoding as the first line of the file
or specify an encoding such as \usepackage [latin1]{inputenc}
in the document preamble.
Alternatively, save the file in UTF-8 using your editor or another tool

Missing character: There is no ` in font nullfont!

! Package inputenc Error: Invalid UTF-8 byte "83.

See the inputenc package documentation for explanation.
Type  H <return>  for immediate help.
 ...                                              
                                                  
l.23 ... ‰Í–ì m, “c‘º —Y‰î, R‰º ~, ŸÇŠÔ ˆê: ``ƒ
                                                  A[ƒ€“‹ÚˆÚ“®ƒƒ{ƒbƒg‚Ì‹ì“...

The document does not appear to be in UTF-8 encoding.
Try adding \UseRawInputEncoding as the first line of the file
or specify an encoding such as \usepackage [latin1]{inputenc}
in the document preamble.
Alternatively, save the file in UTF-8 using your editor or another tool

Missing character: There is no A in font nullfont!

! Package inputenc Error: Invalid UTF-8 byte "81.

See the inputenc package documentation for explanation.
Type  H <return>  for immediate help.
 ...                                              
                                                  
l.23 ...Í–ì m, “c‘º —Y‰î, R‰º ~, ŸÇŠÔ ˆê: ``ƒA
                                                  [ƒ€“‹ÚˆÚ“®ƒƒ{ƒbƒg‚Ì‹ì“®Œ...

The document does not appear to be in UTF-8 encoding.
Try adding \UseRawInputEncoding as the first line of the file
or specify an encoding such as \usepackage [latin1]{inputenc}
in the document preamble.
Alternatively, save the file in UTF-8 using your editor or another tool

Missing character: There is no [ in font nullfont!

! Package inputenc Error: Invalid UTF-8 byte "83.

See the inputenc package documentation for explanation.
Type  H <return>  for immediate help.
 ...                                              
                                                  
l.23 ...ì m, “c‘º —Y‰î, R‰º ~, ŸÇŠÔ ˆê: ``ƒA[ƒ
                                                  €“‹ÚˆÚ“®ƒƒ{ƒbƒg‚Ì‹ì“®ŒnŒ...

The document does not appear to be in UTF-8 encoding.
Try adding \UseRawInputEncoding as the first line of the file
or specify an encoding such as \usepackage [latin1]{inputenc}
in the document preamble.
Alternatively, save the file in UTF-8 using your editor or another tool


! Package inputenc Error: Invalid UTF-8 byte "80.

See the inputenc package documentation for explanation.
Type  H <return>  for immediate help.
 ...                                              
                                                  
l.23 ... m, “c‘º —Y‰î, R‰º ~, ŸÇŠÔ ˆê: ``ƒA[ƒ€
                                                  “‹ÚˆÚ“®ƒƒ{ƒbƒg‚Ì‹ì“®ŒnŒÌ...

The document does not appear to be in UTF-8 encoding.
Try adding \UseRawInputEncoding as the first line of the file
or specify an encoding such as \usepackage [latin1]{inputenc}
in the document preamble.
Alternatively, save the file in UTF-8 using your editor or another tool


! Package inputenc Error: Invalid UTF-8 byte "93.

See the inputenc package documentation for explanation.
Type  H <return>  for immediate help.
 ...                                              
                                                  
l.23 ...m, “c‘º —Y‰î, R‰º ~, ŸÇŠÔ ˆê: ``ƒA[ƒ€“
                                                  ‹ÚˆÚ“®ƒƒ{ƒbƒg‚Ì‹ì“®ŒnŒÌ...

The document does not appear to be in UTF-8 encoding.
Try adding \UseRawInputEncoding as the first line of the file
or specify an encoding such as \usepackage [latin1]{inputenc}
in the document preamble.
Alternatively, save the file in UTF-8 using your editor or another tool


! Package inputenc Error: Invalid UTF-8 byte "8B.

See the inputenc package documentation for explanation.
Type  H <return>  for immediate help.
 ...                                              
                                                  
l.23 ...m, “c‘º —Y‰î, R‰º ~, ŸÇŠÔ ˆê: ``ƒA[ƒ€“‹
                                                  ÚˆÚ“®ƒƒ{ƒbƒg‚Ì‹ì“®ŒnŒÌá...

The document does not appear to be in UTF-8 encoding.
Try adding \UseRawInputEncoding as the first line of the file
or specify an encoding such as \usepackage [latin1]{inputenc}
in the document preamble.
Alternatively, save the file in UTF-8 using your editor or another tool


! Package inputenc Error: Invalid UTF-8 byte "8D.

See the inputenc package documentation for explanation.
Type  H <return>  for immediate help.
 ...                                              
                                                  
l.23 ..., “c‘º —Y‰î, R‰º ~, ŸÇŠÔ ˆê: ``ƒA[ƒ€“‹
                                                  ÚˆÚ“®ƒƒ{ƒbƒg‚Ì‹ì“®ŒnŒÌá...

The document does not appear to be in UTF-8 encoding.
Try adding \UseRawInputEncoding as the first line of the file
or specify an encoding such as \usepackage [latin1]{inputenc}
in the document preamble.
Alternatively, save the file in UTF-8 using your editor or another tool


! Package inputenc Error: Unicode character Úˆ (U+0688)
(inputenc)                not set up for use with LaTeX.

See the inputenc package documentation for explanation.
Type  H <return>  for immediate help.
 ...                                              
                                                  
l.23 ...“c‘º —Y‰î, R‰º ~, ŸÇŠÔ ˆê: ``ƒA[ƒ€“‹Úˆ
                                                  Ú“®ƒƒ{ƒbƒg‚Ì‹ì“®ŒnŒÌá‚...

You may provide a definition with
\DeclareUnicodeCharacter 


! Package inputenc Error: Unicode character Ú“ (U+0693)
(inputenc)                not set up for use with LaTeX.

See the inputenc package documentation for explanation.
Type  H <return>  for immediate help.
 ...                                              
                                                  
l.23 ...‘º —Y‰î, R‰º ~, ŸÇŠÔ ˆê: ``ƒA[ƒ€“‹ÚˆÚ“
                                                  ®ƒƒ{ƒbƒg‚Ì‹ì“®ŒnŒÌá‚Ì‚...

You may provide a definition with
\DeclareUnicodeCharacter 


! Package inputenc Error: Invalid UTF-8 byte "AE.

See the inputenc package documentation for explanation.
Type  H <return>  for immediate help.
 ...                                              
                                                  
l.23 ...º —Y‰î, R‰º ~, ŸÇŠÔ ˆê: ``ƒA[ƒ€“‹ÚˆÚ“®
                                                  ƒƒ{ƒbƒg‚Ì‹ì“®ŒnŒÌá‚Ì‚½...

The document does not appear to be in UTF-8 encoding.
Try adding \UseRawInputEncoding as the first line of the file
or specify an encoding such as \usepackage [latin1]{inputenc}
in the document preamble.
Alternatively, save the file in UTF-8 using your editor or another tool


! Package inputenc Error: Invalid UTF-8 byte "83.

See the inputenc package documentation for explanation.
Type  H <return>  for immediate help.
 ...                                              
                                                  
l.23 ... —Y‰î, R‰º ~, ŸÇŠÔ ˆê: ``ƒA[ƒ€“‹ÚˆÚ“®ƒ
                                                  ƒ{ƒbƒg‚Ì‹ì“®ŒnŒÌá‚Ì‚½‚...

The document does not appear to be in UTF-8 encoding.
Try adding \UseRawInputEncoding as the first line of the file
or specify an encoding such as \usepackage [latin1]{inputenc}
in the document preamble.
Alternatively, save the file in UTF-8 using your editor or another tool


! Package inputenc Error: Invalid UTF-8 byte "8D.

See the inputenc package documentation for explanation.
Type  H <return>  for immediate help.
 ...                                              
                                                  
l.23 ...—Y‰î, R‰º ~, ŸÇŠÔ ˆê: ``ƒA[ƒ€“‹ÚˆÚ“®ƒ
                                                  ƒ{ƒbƒg‚Ì‹ì“®ŒnŒÌá‚Ì‚½‚ß...

The document does not appear to be in UTF-8 encoding.
Try adding \UseRawInputEncoding as the first line of the file
or specify an encoding such as \usepackage [latin1]{inputenc}
in the document preamble.
Alternatively, save the file in UTF-8 using your editor or another tool


! Package inputenc Error: Invalid UTF-8 byte "83.

See the inputenc package documentation for explanation.
Type  H <return>  for immediate help.
 ...                                              
                                                  
l.23 ...Y‰î, R‰º ~, ŸÇŠÔ ˆê: ``ƒA[ƒ€“‹ÚˆÚ“®ƒƒ
                                                  {ƒbƒg‚Ì‹ì“®ŒnŒÌá‚Ì‚½‚ß‚...

The document does not appear to be in UTF-8 encoding.
Try adding \UseRawInputEncoding as the first line of the file
or specify an encoding such as \usepackage [latin1]{inputenc}
in the document preamble.
Alternatively, save the file in UTF-8 using your editor or another tool


! Package inputenc Error: Invalid UTF-8 byte "83.

See the inputenc package documentation for explanation.
Type  H <return>  for immediate help.
 ...                                              
                                                  
l.23 ...î, R‰º ~, ŸÇŠÔ ˆê: ``ƒA[ƒ€“‹ÚˆÚ“®ƒƒ{ƒ
                                                  bƒg‚Ì‹ì“®ŒnŒÌá‚Ì‚½‚ß‚Ì‹...

The document does not appear to be in UTF-8 encoding.
Try adding \UseRawInputEncoding as the first line of the file
or specify an encoding such as \usepackage [latin1]{inputenc}
in the document preamble.
Alternatively, save the file in UTF-8 using your editor or another tool

Missing character: There is no b in font nullfont!

! Package inputenc Error: Invalid UTF-8 byte "83.

See the inputenc package documentation for explanation.
Type  H <return>  for immediate help.
 ...                                              
                                                  
l.23 ... R‰º ~, ŸÇŠÔ ˆê: ``ƒA[ƒ€“‹ÚˆÚ“®ƒƒ{ƒbƒ
                                                  g‚Ì‹ì“®ŒnŒÌá‚Ì‚½‚ß‚Ì‹­‰...

The document does not appear to be in UTF-8 encoding.
Try adding \UseRawInputEncoding as the first line of the file
or specify an encoding such as \usepackage [latin1]{inputenc}
in the document preamble.
Alternatively, save the file in UTF-8 using your editor or another tool

Missing character: There is no g in font nullfont!

! Package inputenc Error: Invalid UTF-8 byte "82.

See the inputenc package documentation for explanation.
Type  H <return>  for immediate help.
 ...                                              
                                                  
l.23 ...R‰º ~, ŸÇŠÔ ˆê: ``ƒA[ƒ€“‹ÚˆÚ“®ƒƒ{ƒbƒg‚
                                                  Ì‹ì“®ŒnŒÌá‚Ì‚½‚ß‚Ì‹­‰»Š...

The document does not appear to be in UTF-8 encoding.
Try adding \UseRawInputEncoding as the first line of the file
or specify an encoding such as \usepackage [latin1]{inputenc}
in the document preamble.
Alternatively, save the file in UTF-8 using your editor or another tool


! Package inputenc Error: Unicode character Ì‹ (U+030B)
(inputenc)                not set up for use with LaTeX.

See the inputenc package documentation for explanation.
Type  H <return>  for immediate help.
 ...                                              
                                                  
l.23 ...º ~, ŸÇŠÔ ˆê: ``ƒA[ƒ€“‹ÚˆÚ“®ƒƒ{ƒbƒg‚Ì‹
                                                  ì“®ŒnŒÌá‚Ì‚½‚ß‚Ì‹­‰»Šw...

You may provide a definition with
\DeclareUnicodeCharacter 


! Package inputenc Error: Unicode character ì“® (U+C4EE)
(inputenc)                not set up for use with LaTeX.

See the inputenc package documentation for explanation.
Type  H <return>  for immediate help.
 ...                                              
                                                  
l.23 ...~, ŸÇŠÔ ˆê: ``ƒA[ƒ€“‹ÚˆÚ“®ƒƒ{ƒbƒg‚Ì‹ì“®
                                                  ŒnŒÌá‚Ì‚½‚ß‚Ì‹­‰»ŠwK‚ğ...

You may provide a definition with
\DeclareUnicodeCharacter 


! Package inputenc Error: Invalid UTF-8 byte "8C.

See the inputenc package documentation for explanation.
Type  H <return>  for immediate help.
 ...                                              
                                                  
l.23 ..., ŸÇŠÔ ˆê: ``ƒA[ƒ€“‹ÚˆÚ“®ƒƒ{ƒbƒg‚Ì‹ì“®Œ
                                                  nŒÌá‚Ì‚½‚ß‚Ì‹­‰»ŠwK‚ğ—...

The document does not appear to be in UTF-8 encoding.
Try adding \UseRawInputEncoding as the first line of the file
or specify an encoding such as \usepackage [latin1]{inputenc}
in the document preamble.
Alternatively, save the file in UTF-8 using your editor or another tool

Missing character: There is no n in font nullfont!

! Package inputenc Error: Invalid UTF-8 byte "8C.

See the inputenc package documentation for explanation.
Type  H <return>  for immediate help.
 ...                                              
                                                  
l.23 ...ŸÇŠÔ ˆê: ``ƒA[ƒ€“‹ÚˆÚ“®ƒƒ{ƒbƒg‚Ì‹ì“®ŒnŒ
                                                  Ìá‚Ì‚½‚ß‚Ì‹­‰»ŠwK‚ğ—p‚...

The document does not appear to be in UTF-8 encoding.
Try adding \UseRawInputEncoding as the first line of the file
or specify an encoding such as \usepackage [latin1]{inputenc}
in the document preamble.
Alternatively, save the file in UTF-8 using your editor or another tool


! Package inputenc Error: Unicode character Ì (U+030F)
(inputenc)                not set up for use with LaTeX.

See the inputenc package documentation for explanation.
Type  H <return>  for immediate help.
 ...                                              
                                                  
l.23 ...ŠÔ ˆê: ``ƒA[ƒ€“‹ÚˆÚ“®ƒƒ{ƒbƒg‚Ì‹ì“®ŒnŒÌ
                                                  á‚Ì‚½‚ß‚Ì‹­‰»ŠwK‚ğ—p‚¢‚...

You may provide a definition with
\DeclareUnicodeCharacter 


! Package inputenc Error: Unicode character á (U+139E)
(inputenc)                not set up for use with LaTeX.

See the inputenc package documentation for explanation.
Type  H <return>  for immediate help.
 ...                                              
                                                  
l.23 ...ˆê: ``ƒA[ƒ€“‹ÚˆÚ“®ƒƒ{ƒbƒg‚Ì‹ì“®ŒnŒÌá
                                                  ‚Ì‚½‚ß‚Ì‹­‰»ŠwK‚ğ—p‚¢‚½ƒŠ...

You may provide a definition with
\DeclareUnicodeCharacter 


! Package inputenc Error: Invalid UTF-8 byte "82.

See the inputenc package documentation for explanation.
Type  H <return>  for immediate help.
 ...                                              
                                                  
l.23 ...ê: ``ƒA[ƒ€“‹ÚˆÚ“®ƒƒ{ƒbƒg‚Ì‹ì“®ŒnŒÌá‚
                                                  Ì‚½‚ß‚Ì‹­‰»ŠwK‚ğ—p‚¢‚½ƒŠƒ...

The document does not appear to be in UTF-8 encoding.
Try adding \UseRawInputEncoding as the first line of the file
or specify an encoding such as \usepackage [latin1]{inputenc}
in the document preamble.
Alternatively, save the file in UTF-8 using your editor or another tool


! Package inputenc Error: Unicode character Ì‚ (U+0302)
(inputenc)                not set up for use with LaTeX.

See the inputenc package documentation for explanation.
Type  H <return>  for immediate help.
 ...                                              
                                                  
l.23 ... ``ƒA[ƒ€“‹ÚˆÚ“®ƒƒ{ƒbƒg‚Ì‹ì“®ŒnŒÌá‚Ì‚
                                                  ½‚ß‚Ì‹­‰»ŠwK‚ğ—p‚¢‚½ƒŠƒJƒ...

You may provide a definition with
\DeclareUnicodeCharacter 


! Package inputenc Error: Invalid UTF-8 byte "BD.

See the inputenc package documentation for explanation.
Type  H <return>  for immediate help.
 ...                                              
                                                  
l.23 ...``ƒA[ƒ€“‹ÚˆÚ“®ƒƒ{ƒbƒg‚Ì‹ì“®ŒnŒÌá‚Ì‚½
                                                  ‚ß‚Ì‹­‰»ŠwK‚ğ—p‚¢‚½ƒŠƒJƒo...

The document does not appear to be in UTF-8 encoding.
Try adding \UseRawInputEncoding as the first line of the file
or specify an encoding such as \usepackage [latin1]{inputenc}
in the document preamble.
Alternatively, save the file in UTF-8 using your editor or another tool


! Package inputenc Error: Invalid UTF-8 byte "82.

See the inputenc package documentation for explanation.
Type  H <return>  for immediate help.
 ...                                              
                                                  
l.23 ...`ƒA[ƒ€“‹ÚˆÚ“®ƒƒ{ƒbƒg‚Ì‹ì“®ŒnŒÌá‚Ì‚½‚
                                                  ß‚Ì‹­‰»ŠwK‚ğ—p‚¢‚½ƒŠƒJƒoƒ...

The document does not appear to be in UTF-8 encoding.
Try adding \UseRawInputEncoding as the first line of the file
or specify an encoding such as \usepackage [latin1]{inputenc}
in the document preamble.
Alternatively, save the file in UTF-8 using your editor or another tool


! Package inputenc Error: Unicode character ß‚ (U+07C2)
(inputenc)                not set up for use with LaTeX.

See the inputenc package documentation for explanation.
Type  H <return>  for immediate help.
 ...                                              
                                                  
l.23 ...A[ƒ€“‹ÚˆÚ“®ƒƒ{ƒbƒg‚Ì‹ì“®ŒnŒÌá‚Ì‚½‚ß‚
                                                  Ì‹­‰»ŠwK‚ğ—p‚¢‚½ƒŠƒJƒoƒŠƒ...

You may provide a definition with
\DeclareUnicodeCharacter 


! Package inputenc Error: Unicode character Ì‹ (U+030B)
(inputenc)                not set up for use with LaTeX.

See the inputenc package documentation for explanation.
Type  H <return>  for immediate help.
 ...                                              
                                                  
l.23 ...[ƒ€“‹ÚˆÚ“®ƒƒ{ƒbƒg‚Ì‹ì“®ŒnŒÌá‚Ì‚½‚ß‚Ì‹
                                                  ­‰»ŠwK‚ğ—p‚¢‚½ƒŠƒJƒoƒŠƒ‚...

You may provide a definition with
\DeclareUnicodeCharacter 


! Package inputenc Error: Invalid UTF-8 byte "AD.

See the inputenc package documentation for explanation.
Type  H <return>  for immediate help.
 ...                                              
                                                  
l.23 ...ƒ€“‹ÚˆÚ“®ƒƒ{ƒbƒg‚Ì‹ì“®ŒnŒÌá‚Ì‚½‚ß‚Ì‹­
                                                  ‰»ŠwK‚ğ—p‚¢‚½ƒŠƒJƒoƒŠƒ‚[...

The document does not appear to be in UTF-8 encoding.
Try adding \UseRawInputEncoding as the first line of the file
or specify an encoding such as \usepackage [latin1]{inputenc}
in the document preamble.
Alternatively, save the file in UTF-8 using your editor or another tool


! Package inputenc Error: Invalid UTF-8 byte "89.

See the inputenc package documentation for explanation.
Type  H <return>  for immediate help.
 ...                                              
                                                  
l.23 ...€“‹ÚˆÚ“®ƒƒ{ƒbƒg‚Ì‹ì“®ŒnŒÌá‚Ì‚½‚ß‚Ì‹­‰
                                                  »ŠwK‚ğ—p‚¢‚½ƒŠƒJƒoƒŠƒ‚[ƒ...

The document does not appear to be in UTF-8 encoding.
Try adding \UseRawInputEncoding as the first line of the file
or specify an encoding such as \usepackage [latin1]{inputenc}
in the document preamble.
Alternatively, save the file in UTF-8 using your editor or another tool


! Package inputenc Error: Invalid UTF-8 byte "BB.

See the inputenc package documentation for explanation.
Type  H <return>  for immediate help.
 ...                                              
                                                  
l.23 ...“‹ÚˆÚ“®ƒƒ{ƒbƒg‚Ì‹ì“®ŒnŒÌá‚Ì‚½‚ß‚Ì‹­‰»
                                                  ŠwK‚ğ—p‚¢‚½ƒŠƒJƒoƒŠƒ‚[ƒV...

The document does not appear to be in UTF-8 encoding.
Try adding \UseRawInputEncoding as the first line of the file
or specify an encoding such as \usepackage [latin1]{inputenc}
in the document preamble.
Alternatively, save the file in UTF-8 using your editor or another tool


! Package inputenc Error: Invalid UTF-8 byte "8A.

See the inputenc package documentation for explanation.
Type  H <return>  for immediate help.
 ...                                              
                                                  
l.23 ...‹ÚˆÚ“®ƒƒ{ƒbƒg‚Ì‹ì“®ŒnŒÌá‚Ì‚½‚ß‚Ì‹­‰»Š
                                                  wK‚ğ—p‚¢‚½ƒŠƒJƒoƒŠƒ‚[ƒVƒ...

The document does not appear to be in UTF-8 encoding.
Try adding \UseRawInputEncoding as the first line of the file
or specify an encoding such as \usepackage [latin1]{inputenc}
in the document preamble.
Alternatively, save the file in UTF-8 using your editor or another tool

Missing character: There is no w in font nullfont!

! Package inputenc Error: Invalid UTF-8 byte "8F.

See the inputenc package documentation for explanation.
Type  H <return>  for immediate help.
 ...                                              
                                                  
l.23 ...ÚˆÚ“®ƒƒ{ƒbƒg‚Ì‹ì“®ŒnŒÌá‚Ì‚½‚ß‚Ì‹­‰»Šw
                                                  K‚ğ—p‚¢‚½ƒŠƒJƒoƒŠƒ‚[ƒVƒ‡ƒ...

The document does not appear to be in UTF-8 encoding.
Try adding \UseRawInputEncoding as the first line of the file
or specify an encoding such as \usepackage [latin1]{inputenc}
in the document preamble.
Alternatively, save the file in UTF-8 using your editor or another tool

Missing character: There is no K in font nullfont!

! Package inputenc Error: Invalid UTF-8 byte "82.

See the inputenc package documentation for explanation.
Type  H <return>  for immediate help.
 ...                                              
                                                  
l.23 ...Ú“®ƒƒ{ƒbƒg‚Ì‹ì“®ŒnŒÌá‚Ì‚½‚ß‚Ì‹­‰»ŠwK‚
                                                  ğ—p‚¢‚½ƒŠƒJƒoƒŠƒ‚[ƒVƒ‡ƒ“Š...

The document does not appear to be in UTF-8 encoding.
Try adding \UseRawInputEncoding as the first line of the file
or specify an encoding such as \usepackage [latin1]{inputenc}
in the document preamble.
Alternatively, save the file in UTF-8 using your editor or another tool


! Package inputenc Error: Invalid UTF-8 byte sequence.

See the inputenc package documentation for explanation.
Type  H <return>  for immediate help.
 ...                                              
                                                  
l.23 ...ƒ{ƒbƒg‚Ì‹ì“®ŒnŒÌá‚Ì‚½‚ß‚Ì‹­‰»ŠwK‚ğ—p‚
                                                  ¢‚½ƒŠƒJƒoƒŠƒ‚[ƒVƒ‡ƒ“Šl“¾,...

The document does not appear to be in UTF-8 encoding.
Try adding \UseRawInputEncoding as the first line of the file
or specify an encoding such as \usepackage [latin1]{inputenc}
in the document preamble.
Alternatively, save the file in UTF-8 using your editor or another tool


! Package inputenc Error: Invalid UTF-8 byte "A2.

See the inputenc package documentation for explanation.
Type  H <return>  for immediate help.
 ...                                              
                                                  
l.23 ...ƒ{ƒbƒg‚Ì‹ì“®ŒnŒÌá‚Ì‚½‚ß‚Ì‹­‰»ŠwK‚ğ—p‚¢
                                                  ‚½ƒŠƒJƒoƒŠƒ‚[ƒVƒ‡ƒ“Šl“¾,'...

The document does not appear to be in UTF-8 encoding.
Try adding \UseRawInputEncoding as the first line of the file
or specify an encoding such as \usepackage [latin1]{inputenc}
in the document preamble.
Alternatively, save the file in UTF-8 using your editor or another tool


! Package inputenc Error: Invalid UTF-8 byte "82.

See the inputenc package documentation for explanation.
Type  H <return>  for immediate help.
 ...                                              
                                                  
l.23 ...{ƒbƒg‚Ì‹ì“®ŒnŒÌá‚Ì‚½‚ß‚Ì‹­‰»ŠwK‚ğ—p‚¢‚
                                                  ½ƒŠƒJƒoƒŠƒ‚[ƒVƒ‡ƒ“Šl“¾,''...

The document does not appear to be in UTF-8 encoding.
Try adding \UseRawInputEncoding as the first line of the file
or specify an encoding such as \usepackage [latin1]{inputenc}
in the document preamble.
Alternatively, save the file in UTF-8 using your editor or another tool


! Package inputenc Error: Invalid UTF-8 byte "BD.

See the inputenc package documentation for explanation.
Type  H <return>  for immediate help.
 ...                                              
                                                  
l.23 ...ƒbƒg‚Ì‹ì“®ŒnŒÌá‚Ì‚½‚ß‚Ì‹­‰»ŠwK‚ğ—p‚¢‚½
                                                  ƒŠƒJƒoƒŠƒ‚[ƒVƒ‡ƒ“Šl“¾,'' ...

The document does not appear to be in UTF-8 encoding.
Try adding \UseRawInputEncoding as the first line of the file
or specify an encoding such as \usepackage [latin1]{inputenc}
in the document preamble.
Alternatively, save the file in UTF-8 using your editor or another tool


! Package inputenc Error: Invalid UTF-8 byte "83.

See the inputenc package documentation for explanation.
Type  H <return>  for immediate help.
 ...                                              
                                                  
l.23 ...bƒg‚Ì‹ì“®ŒnŒÌá‚Ì‚½‚ß‚Ì‹­‰»ŠwK‚ğ—p‚¢‚½ƒ
                                                  ŠƒJƒoƒŠƒ‚[ƒVƒ‡ƒ“Šl“¾,'' ‘...

The document does not appear to be in UTF-8 encoding.
Try adding \UseRawInputEncoding as the first line of the file
or specify an encoding such as \usepackage [latin1]{inputenc}
in the document preamble.
Alternatively, save the file in UTF-8 using your editor or another tool


! Package inputenc Error: Invalid UTF-8 byte "8A.

See the inputenc package documentation for explanation.
Type  H <return>  for immediate help.
 ...                                              
                                                  
l.23 ...ƒg‚Ì‹ì“®ŒnŒÌá‚Ì‚½‚ß‚Ì‹­‰»ŠwK‚ğ—p‚¢‚½ƒŠ
                                                  ƒJƒoƒŠƒ‚[ƒVƒ‡ƒ“Šl“¾,'' ‘æ...

The document does not appear to be in UTF-8 encoding.
Try adding \UseRawInputEncoding as the first line of the file
or specify an encoding such as \usepackage [latin1]{inputenc}
in the document preamble.
Alternatively, save the file in UTF-8 using your editor or another tool


! Package inputenc Error: Invalid UTF-8 byte "83.

See the inputenc package documentation for explanation.
Type  H <return>  for immediate help.
 ...                                              
                                                  
l.23 ...g‚Ì‹ì“®ŒnŒÌá‚Ì‚½‚ß‚Ì‹­‰»ŠwK‚ğ—p‚¢‚½ƒŠƒ
                                                  JƒoƒŠƒ‚[ƒVƒ‡ƒ“Šl“¾,'' ‘æ2...

The document does not appear to be in UTF-8 encoding.
Try adding \UseRawInputEncoding as the first line of the file
or specify an encoding such as \usepackage [latin1]{inputenc}
in the document preamble.
Alternatively, save the file in UTF-8 using your editor or another tool

Missing character: There is no J in font nullfont!

! Package inputenc Error: Invalid UTF-8 byte "83.

See the inputenc package documentation for explanation.
Type  H <return>  for immediate help.
 ...                                              
                                                  
l.23 ...Ì‹ì“®ŒnŒÌá‚Ì‚½‚ß‚Ì‹­‰»ŠwK‚ğ—p‚¢‚½ƒŠƒJƒ
                                                  oƒŠƒ‚[ƒVƒ‡ƒ“Šl“¾,'' ‘æ22‰...

The document does not appear to be in UTF-8 encoding.
Try adding \UseRawInputEncoding as the first line of the file
or specify an encoding such as \usepackage [latin1]{inputenc}
in the document preamble.
Alternatively, save the file in UTF-8 using your editor or another tool

Missing character: There is no o in font nullfont!

! Package inputenc Error: Invalid UTF-8 byte "83.

See the inputenc package documentation for explanation.
Type  H <return>  for immediate help.
 ...                                              
                                                  
l.23 ...ì“®ŒnŒÌá‚Ì‚½‚ß‚Ì‹­‰»ŠwK‚ğ—p‚¢‚½ƒŠƒJƒoƒ
                                                  Šƒ‚[ƒVƒ‡ƒ“Šl“¾,'' ‘æ22‰ñƒ...

The document does not appear to be in UTF-8 encoding.
Try adding \UseRawInputEncoding as the first line of the file
or specify an encoding such as \usepackage [latin1]{inputenc}
in the document preamble.
Alternatively, save the file in UTF-8 using your editor or another tool


! Package inputenc Error: Invalid UTF-8 byte "8A.

See the inputenc package documentation for explanation.
Type  H <return>  for immediate help.
 ...                                              
                                                  
l.23 ...“®ŒnŒÌá‚Ì‚½‚ß‚Ì‹­‰»ŠwK‚ğ—p‚¢‚½ƒŠƒJƒoƒŠ
                                                  ƒ‚[ƒVƒ‡ƒ“Šl“¾,'' ‘æ22‰ñƒ...

The document does not appear to be in UTF-8 encoding.
Try adding \UseRawInputEncoding as the first line of the file
or specify an encoding such as \usepackage [latin1]{inputenc}
in the document preamble.
Alternatively, save the file in UTF-8 using your editor or another tool


! Package inputenc Error: Invalid UTF-8 byte "83.

See the inputenc package documentation for explanation.
Type  H <return>  for immediate help.
 ...                                              
                                                  
l.23 ...®ŒnŒÌá‚Ì‚½‚ß‚Ì‹­‰»ŠwK‚ğ—p‚¢‚½ƒŠƒJƒoƒŠƒ
                                                  ‚[ƒVƒ‡ƒ“Šl“¾,'' ‘æ22‰ñƒƒ...

The document does not appear to be in UTF-8 encoding.
Try adding \UseRawInputEncoding as the first line of the file
or specify an encoding such as \usepackage [latin1]{inputenc}
in the document preamble.
Alternatively, save the file in UTF-8 using your editor or another tool


! Package inputenc Error: Invalid UTF-8 byte "82.

See the inputenc package documentation for explanation.
Type  H <return>  for immediate help.
 ...                                              
                                                  
l.23 ...ŒnŒÌá‚Ì‚½‚ß‚Ì‹­‰»ŠwK‚ğ—p‚¢‚½ƒŠƒJƒoƒŠƒ‚
                                                  [ƒVƒ‡ƒ“Šl“¾,'' ‘æ22‰ñƒƒ{...

The document does not appear to be in UTF-8 encoding.
Try adding \UseRawInputEncoding as the first line of the file
or specify an encoding such as \usepackage [latin1]{inputenc}
in the document preamble.
Alternatively, save the file in UTF-8 using your editor or another tool


! Package inputenc Error: Invalid UTF-8 byte "81.

See the inputenc package documentation for explanation.
Type  H <return>  for immediate help.
 ...                                              
                                                  
l.23 ...nŒÌá‚Ì‚½‚ß‚Ì‹­‰»ŠwK‚ğ—p‚¢‚½ƒŠƒJƒoƒŠƒ‚
                                                  [ƒVƒ‡ƒ“Šl“¾,'' ‘æ22‰ñƒƒ{ƒ...

The document does not appear to be in UTF-8 encoding.
Try adding \UseRawInputEncoding as the first line of the file
or specify an encoding such as \usepackage [latin1]{inputenc}
in the document preamble.
Alternatively, save the file in UTF-8 using your editor or another tool

Missing character: There is no [ in font nullfont!

! Package inputenc Error: Invalid UTF-8 byte "83.

See the inputenc package documentation for explanation.
Type  H <return>  for immediate help.
 ...                                              
                                                  
l.23 ...Ìá‚Ì‚½‚ß‚Ì‹­‰»ŠwK‚ğ—p‚¢‚½ƒŠƒJƒoƒŠƒ‚[ƒ
                                                  Vƒ‡ƒ“Šl“¾,'' ‘æ22‰ñƒƒ{ƒeƒ...

The document does not appear to be in UTF-8 encoding.
Try adding \UseRawInputEncoding as the first line of the file
or specify an encoding such as \usepackage [latin1]{inputenc}
in the document preamble.
Alternatively, save the file in UTF-8 using your editor or another tool

Missing character: There is no V in font nullfont!

! Package inputenc Error: Invalid UTF-8 byte "83.

See the inputenc package documentation for explanation.
Type  H <return>  for immediate help.
 ...                                              
                                                  
l.23 ...á‚Ì‚½‚ß‚Ì‹­‰»ŠwK‚ğ—p‚¢‚½ƒŠƒJƒoƒŠƒ‚[ƒVƒ
                                                  ‡ƒ“Šl“¾,'' ‘æ22‰ñƒƒ{ƒeƒBƒ...

The document does not appear to be in UTF-8 encoding.
Try adding \UseRawInputEncoding as the first line of the file
or specify an encoding such as \usepackage [latin1]{inputenc}
in the document preamble.
Alternatively, save the file in UTF-8 using your editor or another tool


! Package inputenc Error: Invalid UTF-8 byte "87.

See the inputenc package documentation for explanation.
Type  H <return>  for immediate help.
 ...                                              
                                                  
l.23 ...‚Ì‚½‚ß‚Ì‹­‰»ŠwK‚ğ—p‚¢‚½ƒŠƒJƒoƒŠƒ‚[ƒVƒ‡
                                                  ƒ“Šl“¾,'' ‘æ22‰ñƒƒ{ƒeƒBƒN...

The document does not appear to be in UTF-8 encoding.
Try adding \UseRawInputEncoding as the first line of the file
or specify an encoding such as \usepackage [latin1]{inputenc}
in the document preamble.
Alternatively, save the file in UTF-8 using your editor or another tool


! Package inputenc Error: Invalid UTF-8 byte "83.

See the inputenc package documentation for explanation.
Type  H <return>  for immediate help.
 ...                                              
                                                  
l.23 ...‚Ì‚½‚ß‚Ì‹­‰»ŠwK‚ğ—p‚¢‚½ƒŠƒJƒoƒŠƒ‚[ƒVƒ‡ƒ
                                                  “Šl“¾,'' ‘æ22‰ñƒƒ{ƒeƒBƒNƒ...

The document does not appear to be in UTF-8 encoding.
Try adding \UseRawInputEncoding as the first line of the file
or specify an encoding such as \usepackage [latin1]{inputenc}
in the document preamble.
Alternatively, save the file in UTF-8 using your editor or another tool


! Package inputenc Error: Invalid UTF-8 byte "93.

See the inputenc package documentation for explanation.
Type  H <return>  for immediate help.
 ...                                              
                                                  
l.23 ...‚Ì‚½‚ß‚Ì‹­‰»ŠwK‚ğ—p‚¢‚½ƒŠƒJƒoƒŠƒ‚[ƒVƒ‡ƒ“
                                                  Šl“¾,'' ‘æ22‰ñƒƒ{ƒeƒBƒNƒX...

The document does not appear to be in UTF-8 encoding.
Try adding \UseRawInputEncoding as the first line of the file
or specify an encoding such as \usepackage [latin1]{inputenc}
in the document preamble.
Alternatively, save the file in UTF-8 using your editor or another tool


! Package inputenc Error: Invalid UTF-8 byte "8A.

See the inputenc package documentation for explanation.
Type  H <return>  for immediate help.
 ...                                              
                                                  
l.23 ...Ì‚½‚ß‚Ì‹­‰»ŠwK‚ğ—p‚¢‚½ƒŠƒJƒoƒŠƒ‚[ƒVƒ‡ƒ“Š
                                                  l“¾,'' ‘æ22‰ñƒƒ{ƒeƒBƒNƒXƒ...

The document does not appear to be in UTF-8 encoding.
Try adding \UseRawInputEncoding as the first line of the file
or specify an encoding such as \usepackage [latin1]{inputenc}
in the document preamble.
Alternatively, save the file in UTF-8 using your editor or another tool

Missing character: There is no l in font nullfont!

! Package inputenc Error: Invalid UTF-8 byte "93.

See the inputenc package documentation for explanation.
Type  H <return>  for immediate help.
 ...                                              
                                                  
l.23 ...½‚ß‚Ì‹­‰»ŠwK‚ğ—p‚¢‚½ƒŠƒJƒoƒŠƒ‚[ƒVƒ‡ƒ“Šl“
                                                  ¾,'' ‘æ22‰ñƒƒ{ƒeƒBƒNƒXƒVƒ...

The document does not appear to be in UTF-8 encoding.
Try adding \UseRawInputEncoding as the first line of the file
or specify an encoding such as \usepackage [latin1]{inputenc}
in the document preamble.
Alternatively, save the file in UTF-8 using your editor or another tool


! Package inputenc Error: Invalid UTF-8 byte "BE.

See the inputenc package documentation for explanation.
Type  H <return>  for immediate help.
 ...                                              
                                                  
l.23 ...‚ß‚Ì‹­‰»ŠwK‚ğ—p‚¢‚½ƒŠƒJƒoƒŠƒ‚[ƒVƒ‡ƒ“Šl“¾
                                                  ,'' ‘æ22‰ñƒƒ{ƒeƒBƒNƒXƒVƒ“...

The document does not appear to be in UTF-8 encoding.
Try adding \UseRawInputEncoding as the first line of the file
or specify an encoding such as \usepackage [latin1]{inputenc}
in the document preamble.
Alternatively, save the file in UTF-8 using your editor or another tool

Missing character: There is no , in font nullfont!
Missing character: There is no ' in font nullfont!
Missing character: There is no ' in font nullfont!

! Package inputenc Error: Invalid UTF-8 byte "91.

See the inputenc package documentation for explanation.
Type  H <return>  for immediate help.
 ...                                              
                                                  
l.23 ...­‰»ŠwK‚ğ—p‚¢‚½ƒŠƒJƒoƒŠƒ‚[ƒVƒ‡ƒ“Šl“¾,'' ‘
                                                  æ22‰ñƒƒ{ƒeƒBƒNƒXƒVƒ“ƒ|ƒWƒ...

The document does not appear to be in UTF-8 encoding.
Try adding \UseRawInputEncoding as the first line of the file
or specify an encoding such as \usepackage [latin1]{inputenc}
in the document preamble.
Alternatively, save the file in UTF-8 using your editor or another tool


! Package inputenc Error: Invalid UTF-8 byte sequence.

See the inputenc package documentation for explanation.
Type  H <return>  for immediate help.
 ...                                              
                                                  
l.23 ...ŠwK‚ğ—p‚¢‚½ƒŠƒJƒoƒŠƒ‚[ƒVƒ‡ƒ“Šl“¾,'' ‘æ22
                                                  ‰ñƒƒ{ƒeƒBƒNƒXƒVƒ“ƒ|ƒWƒA—\...

The document does not appear to be in UTF-8 encoding.
Try adding \UseRawInputEncoding as the first line of the file
or specify an encoding such as \usepackage [latin1]{inputenc}
in the document preamble.
Alternatively, save the file in UTF-8 using your editor or another tool


! Package inputenc Error: Invalid UTF-8 byte "89.

See the inputenc package documentation for explanation.
Type  H <return>  for immediate help.
 ...                                              
                                                  
l.23 ...wK‚ğ—p‚¢‚½ƒŠƒJƒoƒŠƒ‚[ƒVƒ‡ƒ“Šl“¾,'' ‘æ22‰
                                                  ñƒƒ{ƒeƒBƒNƒXƒVƒ“ƒ|ƒWƒA—\...

The document does not appear to be in UTF-8 encoding.
Try adding \UseRawInputEncoding as the first line of the file
or specify an encoding such as \usepackage [latin1]{inputenc}
in the document preamble.
Alternatively, save the file in UTF-8 using your editor or another tool


! Package inputenc Error: Unicode character ñƒƒ (U+43343)
(inputenc)                not set up for use with LaTeX.

See the inputenc package documentation for explanation.
Type  H <return>  for immediate help.
 ...                                              
                                                  
l.23 ...ğ—p‚¢‚½ƒŠƒJƒoƒŠƒ‚[ƒVƒ‡ƒ“Šl“¾,'' ‘æ22‰ñƒƒ
                                                  {ƒeƒBƒNƒXƒVƒ“ƒ|ƒWƒA—\eW,...

You may provide a definition with
\DeclareUnicodeCharacter 


! Package inputenc Error: Invalid UTF-8 byte "83.

See the inputenc package documentation for explanation.
Type  H <return>  for immediate help.
 ...                                              
                                                  
l.23 ...p‚¢‚½ƒŠƒJƒoƒŠƒ‚[ƒVƒ‡ƒ“Šl“¾,'' ‘æ22‰ñƒƒ{ƒ
                                                  eƒBƒNƒXƒVƒ“ƒ|ƒWƒA—\eW, 2...

The document does not appear to be in UTF-8 encoding.
Try adding \UseRawInputEncoding as the first line of the file
or specify an encoding such as \usepackage [latin1]{inputenc}
in the document preamble.
Alternatively, save the file in UTF-8 using your editor or another tool

Missing character: There is no e in font nullfont!

! Package inputenc Error: Invalid UTF-8 byte "83.

See the inputenc package documentation for explanation.
Type  H <return>  for immediate help.
 ...                                              
                                                  
l.23 ...¢‚½ƒŠƒJƒoƒŠƒ‚[ƒVƒ‡ƒ“Šl“¾,'' ‘æ22‰ñƒƒ{ƒeƒ
                                                  BƒNƒXƒVƒ“ƒ|ƒWƒA—\eW, 201...

The document does not appear to be in UTF-8 encoding.
Try adding \UseRawInputEncoding as the first line of the file
or specify an encoding such as \usepackage [latin1]{inputenc}
in the document preamble.
Alternatively, save the file in UTF-8 using your editor or another tool

Missing character: There is no B in font nullfont!

! Package inputenc Error: Invalid UTF-8 byte "83.

See the inputenc package documentation for explanation.
Type  H <return>  for immediate help.
 ...                                              
                                                  
l.23 ...½ƒŠƒJƒoƒŠƒ‚[ƒVƒ‡ƒ“Šl“¾,'' ‘æ22‰ñƒƒ{ƒeƒBƒ
                                                  NƒXƒVƒ“ƒ|ƒWƒA—\eW, 2017,...

The document does not appear to be in UTF-8 encoding.
Try adding \UseRawInputEncoding as the first line of the file
or specify an encoding such as \usepackage [latin1]{inputenc}
in the document preamble.
Alternatively, save the file in UTF-8 using your editor or another tool

Missing character: There is no N in font nullfont!

! Package inputenc Error: Invalid UTF-8 byte "83.

See the inputenc package documentation for explanation.
Type  H <return>  for immediate help.
 ...                                              
                                                  
l.23 ...ŠƒJƒoƒŠƒ‚[ƒVƒ‡ƒ“Šl“¾,'' ‘æ22‰ñƒƒ{ƒeƒBƒNƒ
                                                  XƒVƒ“ƒ|ƒWƒA—\eW, 2017, ”...

The document does not appear to be in UTF-8 encoding.
Try adding \UseRawInputEncoding as the first line of the file
or specify an encoding such as \usepackage [latin1]{inputenc}
in the document preamble.
Alternatively, save the file in UTF-8 using your editor or another tool

Missing character: There is no X in font nullfont!

! Package inputenc Error: Invalid UTF-8 byte "83.

See the inputenc package documentation for explanation.
Type  H <return>  for immediate help.
 ...                                              
                                                  
l.23 ...JƒoƒŠƒ‚[ƒVƒ‡ƒ“Šl“¾,'' ‘æ22‰ñƒƒ{ƒeƒBƒNƒXƒ
                                                  Vƒ“ƒ|ƒWƒA—\eW, 2017, ”­•...

The document does not appear to be in UTF-8 encoding.
Try adding \UseRawInputEncoding as the first line of the file
or specify an encoding such as \usepackage [latin1]{inputenc}
in the document preamble.
Alternatively, save the file in UTF-8 using your editor or another tool

Missing character: There is no V in font nullfont!

! Package inputenc Error: Invalid UTF-8 byte "83.

See the inputenc package documentation for explanation.
Type  H <return>  for immediate help.
 ...                                              
                                                  
l.23 ...oƒŠƒ‚[ƒVƒ‡ƒ“Šl“¾,'' ‘æ22‰ñƒƒ{ƒeƒBƒNƒXƒVƒ
                                                  “ƒ|ƒWƒA—\eW, 2017, ”­•\—...

The document does not appear to be in UTF-8 encoding.
Try adding \UseRawInputEncoding as the first line of the file
or specify an encoding such as \usepackage [latin1]{inputenc}
in the document preamble.
Alternatively, save the file in UTF-8 using your editor or another tool


! Package inputenc Error: Invalid UTF-8 byte "93.

See the inputenc package documentation for explanation.
Type  H <return>  for immediate help.
 ...                                              
                                                  
l.23 ...ƒŠƒ‚[ƒVƒ‡ƒ“Šl“¾,'' ‘æ22‰ñƒƒ{ƒeƒBƒNƒXƒVƒ“
                                                  ƒ|ƒWƒA—\eW, 2017, ”­•\—\...

The document does not appear to be in UTF-8 encoding.
Try adding \UseRawInputEncoding as the first line of the file
or specify an encoding such as \usepackage [latin1]{inputenc}
in the document preamble.
Alternatively, save the file in UTF-8 using your editor or another tool


! Package inputenc Error: Invalid UTF-8 byte "83.

See the inputenc package documentation for explanation.
Type  H <return>  for immediate help.
 ...                                              
                                                  
l.23 ...Šƒ‚[ƒVƒ‡ƒ“Šl“¾,'' ‘æ22‰ñƒƒ{ƒeƒBƒNƒXƒVƒ“ƒ
                                                  |ƒWƒA—\eW, 2017, ”­•\—\’...

The document does not appear to be in UTF-8 encoding.
Try adding \UseRawInputEncoding as the first line of the file
or specify an encoding such as \usepackage [latin1]{inputenc}
in the document preamble.
Alternatively, save the file in UTF-8 using your editor or another tool

Missing character: There is no | in font nullfont!

! Package inputenc Error: Invalid UTF-8 byte "83.

See the inputenc package documentation for explanation.
Type  H <return>  for immediate help.
 ...                                              
                                                  
l.23 ...‚[ƒVƒ‡ƒ“Šl“¾,'' ‘æ22‰ñƒƒ{ƒeƒBƒNƒXƒVƒ“ƒ|ƒ
                                                  WƒA—\eW, 2017, ”­•\—\’è....

The document does not appear to be in UTF-8 encoding.
Try adding \UseRawInputEncoding as the first line of the file
or specify an encoding such as \usepackage [latin1]{inputenc}
in the document preamble.
Alternatively, save the file in UTF-8 using your editor or another tool

Missing character: There is no W in font nullfont!

! Package inputenc Error: Invalid UTF-8 byte "83.

See the inputenc package documentation for explanation.
Type  H <return>  for immediate help.
 ...                                              
                                                  
l.23 ...[ƒVƒ‡ƒ“Šl“¾,'' ‘æ22‰ñƒƒ{ƒeƒBƒNƒXƒVƒ“ƒ|ƒWƒ
                                                  A—\eW, 2017, ”­•\—\’è.%,...

The document does not appear to be in UTF-8 encoding.
Try adding \UseRawInputEncoding as the first line of the file
or specify an encoding such as \usepackage [latin1]{inputenc}
in the document preamble.
Alternatively, save the file in UTF-8 using your editor or another tool

Missing character: There is no A in font nullfont!

! Package inputenc Error: Invalid UTF-8 byte "97.

See the inputenc package documentation for explanation.
Type  H <return>  for immediate help.
 ...                                              
                                                  
l.23 ...Vƒ‡ƒ“Šl“¾,'' ‘æ22‰ñƒƒ{ƒeƒBƒNƒXƒVƒ“ƒ|ƒWƒA—
                                                  \eW, 2017, ”­•\—\’è.%, t...

The document does not appear to be in UTF-8 encoding.
Try adding \UseRawInputEncoding as the first line of the file
or specify an encoding such as \usepackage [latin1]{inputenc}
in the document preamble.
Alternatively, save the file in UTF-8 using your editor or another tool

! Undefined control sequence.
l.23 ...‡ƒ“Šl“¾,'' ‘æ22‰ñƒƒ{ƒeƒBƒNƒXƒVƒ“ƒ|ƒWƒA—\
                                                  eW, 2017, ”­•\—\’è.%, to ...
The control sequence at the end of the top line
of your error message was never \def'ed. If you have
misspelled it (e.g., `\hobx'), type `I' and the correct
spelling (e.g., `I\hbox'). Otherwise just continue,
and I'll forget about whatever was undefined.

Missing character: There is no e in font nullfont!

! Package inputenc Error: Invalid UTF-8 byte "8F.

See the inputenc package documentation for explanation.
Type  H <return>  for immediate help.
 ...                                              
                                                  
l.23 ...“Šl“¾,'' ‘æ22‰ñƒƒ{ƒeƒBƒNƒXƒVƒ“ƒ|ƒWƒA—\e
                                                  W, 2017, ”­•\—\’è.%, to be...

The document does not appear to be in UTF-8 encoding.
Try adding \UseRawInputEncoding as the first line of the file
or specify an encoding such as \usepackage [latin1]{inputenc}
in the document preamble.
Alternatively, save the file in UTF-8 using your editor or another tool

Missing character: There is no W in font nullfont!
Missing character: There is no , in font nullfont!
Missing character: There is no 2 in font nullfont!
Missing character: There is no 0 in font nullfont!
Missing character: There is no 1 in font nullfont!
Missing character: There is no 7 in font nullfont!
Missing character: There is no , in font nullfont!

! Package inputenc Error: Invalid UTF-8 byte "94.

See the inputenc package documentation for explanation.
Type  H <return>  for immediate help.
 ...                                              
                                                  
l.23 ...æ22‰ñƒƒ{ƒeƒBƒNƒXƒVƒ“ƒ|ƒWƒA—\eW, 2017, ”
                                                  ­•\—\’è.%, to be presented.
The document does not appear to be in UTF-8 encoding.
Try adding \UseRawInputEncoding as the first line of the file
or specify an encoding such as \usepackage [latin1]{inputenc}
in the document preamble.
Alternatively, save the file in UTF-8 using your editor or another tool


! Package inputenc Error: Invalid UTF-8 byte "AD.

See the inputenc package documentation for explanation.
Type  H <return>  for immediate help.
 ...                                              
                                                  
l.23 ...22‰ñƒƒ{ƒeƒBƒNƒXƒVƒ“ƒ|ƒWƒA—\eW, 2017, ”­
                                                  •\—\’è.%, to be presented.
The document does not appear to be in UTF-8 encoding.
Try adding \UseRawInputEncoding as the first line of the file
or specify an encoding such as \usepackage [latin1]{inputenc}
in the document preamble.
Alternatively, save the file in UTF-8 using your editor or another tool


! Package inputenc Error: Invalid UTF-8 byte "95.

See the inputenc package documentation for explanation.
Type  H <return>  for immediate help.
 ...                                              
                                                  
l.23 ...2‰ñƒƒ{ƒeƒBƒNƒXƒVƒ“ƒ|ƒWƒA—\eW, 2017, ”­•
                                                  \—\’è.%, to be presented.
The document does not appear to be in UTF-8 encoding.
Try adding \UseRawInputEncoding as the first line of the file
or specify an encoding such as \usepackage [latin1]{inputenc}
in the document preamble.
Alternatively, save the file in UTF-8 using your editor or another tool

! Undefined control sequence.
l.23 ...ñƒƒ{ƒeƒBƒNƒXƒVƒ“ƒ|ƒWƒA—\eW, 2017, ”­•\—
                                                  \’è.%, to be presented.
The control sequence at the end of the top line
of your error message was never \def'ed. If you have
misspelled it (e.g., `\hobx'), type `I' and the correct
spelling (e.g., `I\hbox'). Otherwise just continue,
and I'll forget about whatever was undefined.

! Undefined control sequence.
l.23 ...ƒ{ƒeƒBƒNƒXƒVƒ“ƒ|ƒWƒA—\eW, 2017, ”­•\—\’
                                                  è.%, to be presented.
The control sequence at the end of the top line
of your error message was never \def'ed. If you have
misspelled it (e.g., `\hobx'), type `I' and the correct
spelling (e.g., `I\hbox'). Otherwise just continue,
and I'll forget about whatever was undefined.


! Package inputenc Error: Invalid UTF-8 byte sequence.

See the inputenc package documentation for explanation.
Type  H <return>  for immediate help.
 ...                                              
                                                  
l.24 \end
         {enumerate}
The document does not appear to be in UTF-8 encoding.
Try adding \UseRawInputEncoding as the first line of the file
or specify an encoding such as \usepackage [latin1]{inputenc}
in the document preamble.
Alternatively, save the file in UTF-8 using your editor or another tool

Missing character: There is no e in font nullfont!
Missing character: There is no n in font nullfont!
Missing character: There is no u in font nullfont!
Missing character: There is no m in font nullfont!
Missing character: There is no e in font nullfont!
Missing character: There is no r in font nullfont!
Missing character: There is no a in font nullfont!
Missing character: There is no t in font nullfont!
Missing character: There is no e in font nullfont!
! Undefined control sequence.
l.26 \section
             *{¸“Ç—L‚è‘Û‰ï‹c}
The control sequence at the end of the top line
of your error message was never \def'ed. If you have
misspelled it (e.g., `\hobx'), type `I' and the correct
spelling (e.g., `I\hbox'). Otherwise just continue,
and I'll forget about whatever was undefined.

Missing character: There is no * in font nullfont!

! Package inputenc Error: Invalid UTF-8 byte "8D.

See the inputenc package documentation for explanation.
Type  H <return>  for immediate help.
 ...                                              
                                                  
l.26 \section*{
                ¸“Ç—L‚è‘Û‰ï‹c}
The document does not appear to be in UTF-8 encoding.
Try adding \UseRawInputEncoding as the first line of the file
or specify an encoding such as \usepackage [latin1]{inputenc}
in the document preamble.
Alternatively, save the file in UTF-8 using your editor or another tool


! Package inputenc Error: Invalid UTF-8 byte "B8.

See the inputenc package documentation for explanation.
Type  H <return>  for immediate help.
 ...                                              
                                                  
l.26 \section*{¸
                 “Ç—L‚è‘Û‰ï‹c}
The document does not appear to be in UTF-8 encoding.
Try adding \UseRawInputEncoding as the first line of the file
or specify an encoding such as \usepackage [latin1]{inputenc}
in the document preamble.
Alternatively, save the file in UTF-8 using your editor or another tool


! Package inputenc Error: Invalid UTF-8 byte "93.

See the inputenc package documentation for explanation.
Type  H <return>  for immediate help.
 ...                                              
                                                  
l.26 \section*{¸“
                  Ç—L‚è‘Û‰ï‹c}
The document does not appear to be in UTF-8 encoding.
Try adding \UseRawInputEncoding as the first line of the file
or specify an encoding such as \usepackage [latin1]{inputenc}
in the document preamble.
Alternatively, save the file in UTF-8 using your editor or another tool


! Package inputenc Error: Unicode character Ç— (U+01D7)
(inputenc)                not set up for use with LaTeX.

See the inputenc package documentation for explanation.
Type  H <return>  for immediate help.
 ...                                              
                                                  
l.26 \section*{¸“Ç—
                    L‚è‘Û‰ï‹c}
You may provide a definition with
\DeclareUnicodeCharacter 

Missing character: There is no L in font nullfont!

! Package inputenc Error: Invalid UTF-8 byte "82.

See the inputenc package documentation for explanation.
Type  H <return>  for immediate help.
 ...                                              
                                                  
l.26 \section*{¸“Ç—L‚
                      è‘Û‰ï‹c}
The document does not appear to be in UTF-8 encoding.
Try adding \UseRawInputEncoding as the first line of the file
or specify an encoding such as \usepackage [latin1]{inputenc}
in the document preamble.
Alternatively, save the file in UTF-8 using your editor or another tool


! Package inputenc Error: Unicode character è‘ (U+8351)
(inputenc)                not set up for use with LaTeX.

See the inputenc package documentation for explanation.
Type  H <return>  for immediate help.
 ...                                              
                                                  
l.26 \section*{¸“Ç—L‚è‘
                         Û‰ï‹c}
You may provide a definition with
\DeclareUnicodeCharacter 


! Package inputenc Error: Invalid UTF-8 byte "8D.

See the inputenc package documentation for explanation.
Type  H <return>  for immediate help.
 ...                                              
                                                  
l.26 \section*{¸“Ç—L‚è‘
                          Û‰ï‹c}
The document does not appear to be in UTF-8 encoding.
Try adding \UseRawInputEncoding as the first line of the file
or specify an encoding such as \usepackage [latin1]{inputenc}
in the document preamble.
Alternatively, save the file in UTF-8 using your editor or another tool


! Package inputenc Error: Unicode character Û‰ (U+06C9)
(inputenc)                not set up for use with LaTeX.

See the inputenc package documentation for explanation.
Type  H <return>  for immediate help.
 ...                                              
                                                  
l.26 \section*{¸“Ç—L‚è‘Û‰
                            ï‹c}
You may provide a definition with
\DeclareUnicodeCharacter 


! Package inputenc Error: Invalid UTF-8 byte sequence.

See the inputenc package documentation for explanation.
Type  H <return>  for immediate help.
 ...                                              
                                                  
l.26 \section*{¸“Ç—L‚è‘Û‰ï‹c
                               }
The document does not appear to be in UTF-8 encoding.
Try adding \UseRawInputEncoding as the first line of the file
or specify an encoding such as \usepackage [latin1]{inputenc}
in the document preamble.
Alternatively, save the file in UTF-8 using your editor or another tool

Missing character: There is no , in font nullfont!
Missing character: There is no H in font nullfont!
Missing character: There is no i in font nullfont!
Missing character: There is no t in font nullfont!
Missing character: There is no o in font nullfont!
Missing character: There is no s in font nullfont!
Missing character: There is no h in font nullfont!
Missing character: There is no i in font nullfont!
Missing character: There is no K in font nullfont!
Missing character: There is no o in font nullfont!
Missing character: There is no n in font nullfont!
Missing character: There is no o in font nullfont!
Missing character: There is no , in font nullfont!
Missing character: There is no Y in font nullfont!
Missing character: There is no u in font nullfont!
Missing character: There is no s in font nullfont!
Missing character: There is no u in font nullfont!
Missing character: There is no k in font nullfont!
Missing character: There is no e in font nullfont!
Missing character: There is no T in font nullfont!
Missing character: There is no a in font nullfont!
Missing character: There is no m in font nullfont!
Missing character: There is no u in font nullfont!
Missing character: There is no r in font nullfont!
Missing character: There is no a in font nullfont!
Missing character: There is no , in font nullfont!
Missing character: There is no A in font nullfont!
Missing character: There is no t in font nullfont!
Missing character: There is no s in font nullfont!
Missing character: There is no u in font nullfont!
Missing character: There is no s in font nullfont!
Missing character: There is no h in font nullfont!
Missing character: There is no i in font nullfont!
Missing character: There is no Y in font nullfont!
Missing character: There is no a in font nullfont!
Missing character: There is no m in font nullfont!
Missing character: There is no a in font nullfont!
Missing character: There is no s in font nullfont!
Missing character: There is no h in font nullfont!
Missing character: There is no i in font nullfont!
Missing character: There is no t in font nullfont!
Missing character: There is no a in font nullfont!
Missing character: There is no , in font nullfont!
Missing character: There is no a in font nullfont!
Missing character: There is no n in font nullfont!
Missing character: There is no d in font nullfont!
Missing character: There is no H in font nullfont!
Missing character: There is no a in font nullfont!
Missing character: There is no j in font nullfont!
Missing character: There is no i in font nullfont!
Missing character: There is no m in font nullfont!
Missing character: There is no e in font nullfont!
Missing character: There is no A in font nullfont!
Missing character: There is no s in font nullfont!
Missing character: There is no a in font nullfont!
Missing character: There is no m in font nullfont!
Missing character: There is no a in font nullfont!
Missing character: There is no : in font nullfont!
Missing character: There is no ` in font nullfont!
Missing character: There is no ` in font nullfont!
Missing character: There is no R in font nullfont!
Missing character: There is no e in font nullfont!
Missing character: There is no c in font nullfont!
Missing character: There is no o in font nullfont!
Missing character: There is no v in font nullfont!
Missing character: There is no e in font nullfont!
Missing character: There is no r in font nullfont!
Missing character: There is no y in font nullfont!
Missing character: There is no M in font nullfont!
Missing character: There is no o in font nullfont!
Missing character: There is no t in font nullfont!
Missing character: There is no i in font nullfont!
Missing character: There is no o in font nullfont!
Missing character: There is no n in font nullfont!
Missing character: There is no L in font nullfont!
Missing character: There is no e in font nullfont!
Missing character: There is no a in font nullfont!
Missing character: There is no r in font nullfont!
Missing character: There is no n in font nullfont!
Missing character: There is no i in font nullfont!
Missing character: There is no n in font nullfont!
Missing character: There is no g in font nullfont!
Missing character: There is no f in font nullfont!
Missing character: There is no o in font nullfont!
Missing character: There is no r in font nullfont!
Missing character: There is no A in font nullfont!
Missing character: There is no r in font nullfont!
Missing character: There is no m in font nullfont!
Missing character: There is no M in font nullfont!
Missing character: There is no o in font nullfont!
Missing character: There is no u in font nullfont!
Missing character: There is no n in font nullfont!
Missing character: There is no t in font nullfont!
Missing character: There is no e in font nullfont!
Missing character: There is no d in font nullfont!
Missing character: There is no M in font nullfont!
Missing character: There is no o in font nullfont!
Missing character: There is no b in font nullfont!
Missing character: There is no i in font nullfont!
Missing character: There is no l in font nullfont!
Missing character: There is no e in font nullfont!
Missing character: There is no C in font nullfont!
Missing character: There is no r in font nullfont!
Missing character: There is no a in font nullfont!
Missing character: There is no w in font nullfont!
Missing character: There is no l in font nullfont!
Missing character: There is no e in font nullfont!
Missing character: There is no r in font nullfont!
Missing character: There is no R in font nullfont!
Missing character: There is no o in font nullfont!
Missing character: There is no b in font nullfont!
Missing character: There is no o in font nullfont!
Missing character: There is no t in font nullfont!
Missing character: There is no i in font nullfont!
Missing character: There is no n in font nullfont!
Missing character: There is no D in font nullfont!
Missing character: There is no r in font nullfont!
Missing character: There is no i in font nullfont!
Missing character: There is no v in font nullfont!
Missing character: There is no e in font nullfont!
Missing character: There is no S in font nullfont!
Missing character: There is no y in font nullfont!
Missing character: There is no s in font nullfont!
Missing character: There is no t in font nullfont!
Missing character: There is no e in font nullfont!
Missing character: There is no m in font nullfont!
Missing character: There is no ' in font nullfont!
Missing character: There is no s in font nullfont!
Missing character: There is no F in font nullfont!
Missing character: There is no a in font nullfont!
Missing character: There is no i in font nullfont!
Missing character: There is no l in font nullfont!
Missing character: There is no u in font nullfont!
Missing character: There is no r in font nullfont!
Missing character: There is no e in font nullfont!
Missing character: There is no , in font nullfont!
Missing character: There is no ' in font nullfont!
Missing character: There is no ' in font nullfont!
Missing character: There is no , in font nullfont!
Missing character: There is no 2 in font nullfont!
Missing character: There is no 0 in font nullfont!
Missing character: There is no 1 in font nullfont!
Missing character: There is no 7 in font nullfont!
Missing character: There is no , in font nullfont!

! Package inputenc Error: Invalid UTF-8 byte "8D.

See the inputenc package documentation for explanation.
Type  H <return>  for immediate help.
 ...                                              
                                                  
l.30 ... Federation of Automatic Control}, 2017, 
                                                  ¸“Ç’†.%, to be presented.
The document does not appear to be in UTF-8 encoding.
Try adding \UseRawInputEncoding as the first line of the file
or specify an encoding such as \usepackage [latin1]{inputenc}
in the document preamble.
Alternatively, save the file in UTF-8 using your editor or another tool


! Package inputenc Error: Invalid UTF-8 byte "B8.

See the inputenc package documentation for explanation.
Type  H <return>  for immediate help.
 ...                                              
                                                  
l.30 ...Federation of Automatic Control}, 2017, ¸
                                                  “Ç’†.%, to be presented.
The document does not appear to be in UTF-8 encoding.
Try adding \UseRawInputEncoding as the first line of the file
or specify an encoding such as \usepackage [latin1]{inputenc}
in the document preamble.
Alternatively, save the file in UTF-8 using your editor or another tool


! Package inputenc Error: Invalid UTF-8 byte "93.

See the inputenc package documentation for explanation.
Type  H <return>  for immediate help.
 ...                                              
                                                  
l.30 ...ederation of Automatic Control}, 2017, ¸“
                                                  Ç’†.%, to be presented.
The document does not appear to be in UTF-8 encoding.
Try adding \UseRawInputEncoding as the first line of the file
or specify an encoding such as \usepackage [latin1]{inputenc}
in the document preamble.
Alternatively, save the file in UTF-8 using your editor or another tool

LaTeX Font Info:    Try loading font information for +cmr on input line 30.
LaTeX Font Info:    No file cmr.fd. on input line 30.

LaTeX Font Warning: Font shape `/cmr/m/n' undefined
(Font)              using `/cmr/m/n' instead on input line 30.

! Corrupted NFSS tables.
wrong@fontshape ...message {Corrupted NFSS tables}
                                                  error@fontshape else let f...
l.30 ...eration of Automatic Control}, 2017, ¸“Ç’
                                                  †.%, to be presented.
This error message was generated by an \errmessage
command, so I can't give any explicit help.
Pretend that you're Hercule Poirot: Examine all clues,
and deduce the truth by order and method.


LaTeX Font Warning: Font shape `/cmr/m/n' undefined
(Font)              using `OT1/cmr/m/n' instead on input line 30.


! Package inputenc Error: Invalid UTF-8 byte "86.

See the inputenc package documentation for explanation.
Type  H <return>  for immediate help.
 ...                                              
                                                  
l.30 ...ration of Automatic Control}, 2017, ¸“Ç’†
                                                  .%, to be presented.
The document does not appear to be in UTF-8 encoding.
Try adding \UseRawInputEncoding as the first line of the file
or specify an encoding such as \usepackage [latin1]{inputenc}
in the document preamble.
Alternatively, save the file in UTF-8 using your editor or another tool

Missing character: There is no . in font nullfont!

Overfull \hbox (36.01505pt too wide) in paragraph at lines 30--31
\OT1/cmr/bx/n/10 Tasuku
 []


Overfull \hbox (14.58325pt too wide) in paragraph at lines 30--31
\OT1/cmr/bx/n/10 Ito
 []


Overfull \hbox (16.86655pt too wide) in paragraph at lines 30--31
\OT1/cmr/m/it/10 The
 []


Overfull \hbox (18.65544pt too wide) in paragraph at lines 30--31
\OT1/cmr/m/it/10 20th
 []


Overfull \hbox (26.98317pt too wide) in paragraph at lines 30--31
\OT1/cmr/m/it/10 World
 []


Overfull \hbox (38.97194pt too wide) in paragraph at lines 30--31
\OT1/cmr/m/it/10 Congress
 []


Overfull \hbox (8.17773pt too wide) in paragraph at lines 30--31
\OT1/cmr/m/it/10 of
 []


Overfull \hbox (13.03323pt too wide) in paragraph at lines 30--31
\OT1/cmr/m/it/10 the
 []


Overfull \hbox (13.05547pt too wide) in paragraph at lines 30--31
\OT1/cmr/m/it/10 In-
 []


Overfull \hbox (15.71652pt too wide) in paragraph at lines 30--31
\OT1/cmr/m/it/10 ter-
 []


Overfull \hbox (14.31102pt too wide) in paragraph at lines 30--31
\OT1/cmr/m/it/10 na-
 []


Overfull \hbox (24.78874pt too wide) in paragraph at lines 30--31
\OT1/cmr/m/it/10 tional
 []


Overfull \hbox (18.53873pt too wide) in paragraph at lines 30--31
\OT1/cmr/m/it/10 Fed-
 []


Overfull \hbox (12.39433pt too wide) in paragraph at lines 30--31
\OT1/cmr/m/it/10 er-
 []


Overfull \hbox (8.68883pt too wide) in paragraph at lines 30--31
\OT1/cmr/m/it/10 a-
 []


Overfull \hbox (17.12212pt too wide) in paragraph at lines 30--31
\OT1/cmr/m/it/10 tion
 []


Overfull \hbox (8.17773pt too wide) in paragraph at lines 30--31
\OT1/cmr/m/it/10 of
 []


Overfull \hbox (16.1221pt too wide) in paragraph at lines 30--31
\OT1/cmr/m/it/10 Au-
 []


Overfull \hbox (12.01102pt too wide) in paragraph at lines 30--31
\OT1/cmr/m/it/10 to-
 []


Overfull \hbox (24.27762pt too wide) in paragraph at lines 30--31
\OT1/cmr/m/it/10 matic
 []


Overfull \hbox (21.46652pt too wide) in paragraph at lines 30--31
\OT1/cmr/m/it/10 Con-
 []


Overfull \hbox (14.69432pt too wide) in paragraph at lines 30--31
\OT1/cmr/m/it/10 trol
 []


Overfull \hbox (10.00003pt too wide) in paragraph at lines 30--31
\/cmr/m/n/10 ^^To 
 []

)
! Emergency stop.
<*> Achieve.tex
               
*** (job aborted, no legal \end found)

 
Here is how much of TeX's memory you used:
 48 strings out of 492615
 404 string characters out of 6131321
 64281 words of memory out of 5000000
 4057 multiletter control sequences out of 15000+600000
 4294 words of font info for 16 fonts, out of 8000000 for 9000
 1141 hyphenation exceptions out of 8191
 19i,4n,16p,333b,221s stack positions out of 5000i,500n,10000p,500000b,80000s
!  ==> Fatal error occurred, no output PDF file produced!
